2021/02/24 13:05:12 [error] [php] date(): It is not safe to rely on the system's timezone settings. You are *required* to use the date.timezone setting or the date_default_timezone_set() function. In case you used any of those methods and you are still getting this warning, you most likely misspelled the timezone identifier. We selected the timezone 'UTC' for now, but please set date.timezone to select your timezone. (/var/www/html/protected/views/layouts/main.php:51)
Stack trace:
#0 /var/www/html/framework/web/CBaseController.php(95): SiteController->renderInternal()
#1 /var/www/html/framework/web/widgets/CContentDecorator.php(76): SiteController->renderFile()
#2 /var/www/html/framework/web/widgets/CContentDecorator.php(54): CContentDecorator->decorate()
#3 /var/www/html/framework/web/widgets/COutputProcessor.php(44): CContentDecorator->processOutput()
#4 /var/www/html/framework/web/CBaseController.php(215): CContentDecorator->run()
#5 /var/www/html/framework/web/CBaseController.php(309): SiteController->endWidget()
#6 /var/www/html/protected/views/layouts/column1.php(6): SiteController->endContent()
#7 /var/www/html/framework/web/CBaseController.php(126): require()
#8 /var/www/html/framework/web/CBaseController.php(95): SiteController->renderInternal()
#9 /var/www/html/framework/web/CController.php(787): SiteController->renderFile()
#10 /var/www/html/protected/controllers/SiteController.php(32): SiteController->render()
#11 /var/www/html/framework/web/actions/CInlineAction.php(49): SiteController->actionIndex()
#12 /var/www/html/framework/web/CController.php(308): CInlineAction->runWithParams()
#13 /var/www/html/framework/web/CController.php(286): SiteController->runAction()
#14 /var/www/html/framework/web/CController.php(265): SiteController->runActionWithFilters()
#15 /var/www/html/framework/web/CWebApplication.php(282): SiteController->run()
#16 /var/www/html/framework/web/CWebApplication.php(141): CWebApplication->runController()
#17 /var/www/html/framework/base/CApplication.php(185): CWebApplication->processRequest()
#18 /var/www/html/index.php(13): CWebApplication->run()
REQUEST_URI=/
in /var/www/html/protected/views/layouts/main.php (51)
in /var/www/html/protected/views/layouts/column1.php (6)
in /var/www/html/protected/controllers/SiteController.php (32)
2021/02/24 13:07:31 [error] [system.db.CDbCommand] CDbCommand::fetchAll() failed: SQLSTATE[42S02]: Base table or view not found: 1146 Table 'yii_tests.tbl_migration' doesn't exist. The SQL statement executed was: SHOW FULL COLUMNS FROM `tbl_migration`.
2021/02/24 13:14:52 [error] [system.db.CDbCommand] CDbCommand::execute() failed: SQLSTATE[42000]: Syntax error or access violation: 1064 You have an error in your SQL syntax; check the manual that corresponds to your MySQL server version for the right syntax to use near '{{test_table}} (
			`id` int(11) NOT NULL auto_increment,
			`value` varchar(255' at line 1. The SQL statement executed was: CREATE TABLE {{test_table}} (
			`id` int(11) NOT NULL auto_increment,
			`value` varchar(255) default NULL,
			PRIMARY KEY  (`id`)
		  ) ENGINE=InnoDB DEFAULT CHARSET=utf8;.
2021/02/24 13:14:52 [error] [exception.CDbException] exception 'CDbException' with message 'CDbCommand failed to execute the SQL statement: SQLSTATE[42000]: Syntax error or access violation: 1064 You have an error in your SQL syntax; check the manual that corresponds to your MySQL server version for the right syntax to use near '{{test_table}} (
			`id` int(11) NOT NULL auto_increment,
			`value` varchar(255' at line 1. The SQL statement executed was: CREATE TABLE {{test_table}} (
			`id` int(11) NOT NULL auto_increment,
			`value` varchar(255) default NULL,
			PRIMARY KEY  (`id`)
		  ) ENGINE=InnoDB DEFAULT CHARSET=utf8;' in /var/www/html/framework/db/CDbCommand.php:358
Stack trace:
#0 /var/www/html/framework/db/CDbMigration.php(164): CDbCommand->execute(Array)
#1 /var/www/html/protected/migrations/m210224_130426_test_table.php(11): CDbMigration->execute('CREATE TABLE {{...')
#2 /var/www/html/framework/cli/commands/MigrateCommand.php(415): m210224_130426_test_table->up()
#3 /var/www/html/framework/cli/commands/MigrateCommand.php(109): MigrateCommand->migrateUp('m210224_130426_...')
#4 [internal function]: MigrateCommand->actionUp(Array)
#5 /var/www/html/framework/console/CConsoleCommand.php(178): ReflectionMethod->invokeArgs(Object(MigrateCommand), Array)
#6 /var/www/html/framework/console/CConsoleCommandRunner.php(71): CConsoleCommand->run(Array)
#7 /var/www/html/framework/console/CConsoleApplication.php(92): CConsoleCommandRunner->run(Array)
#8 /var/www/html/framework/base/CApplication.php(185): CConsoleApplication->processRequest()
#9 /var/www/html/framework/yiic.php(33): CApplication->run()
#10 /var/www/html/protected/yiic.php(7): require_once('/var/www/html/f...')
#11 /var/www/html/protected/yiic(4): require_once('/var/www/html/p...')
#12 {main}
---
2023/05/27 07:35:27 [error] [exception.CException] exception 'CException' with message 'CAssetManager.basePath "/var/www/html/assets" is invalid. Please make sure the directory exists and is writable by the Web server process.' in /var/www/html/framework/web/CAssetManager.php:138
Stack trace:
#0 /var/www/html/framework/web/CAssetManager.php(123): CAssetManager->setBasePath('/var/www/html/a...')
#1 /var/www/html/framework/web/CAssetManager.php(217): CAssetManager->getBasePath()
#2 /var/www/html/framework/web/CClientScript.php(511): CAssetManager->publish('/var/www/html/f...')
#3 /var/www/html/framework/web/CClientScript.php(548): CClientScript->getCoreScriptUrl()
#4 /var/www/html/framework/web/CClientScript.php(349): CClientScript->getPackageBaseUrl('jquery')
#5 /var/www/html/framework/web/CClientScript.php(208): CClientScript->renderCoreScripts()
#6 /var/www/html/framework/web/CController.php(352): CClientScript->render('<!DOCTYPE html>...')
#7 /var/www/html/framework/web/CController.php(791): CController->processOutput('<!DOCTYPE html>...')
#8 /var/www/html/protected/controllers/SiteController.php(72): CController->render('contact', Array)
#9 /var/www/html/framework/web/actions/CInlineAction.php(49): SiteController->actionContact()
#10 /var/www/html/framework/web/CController.php(308): CInlineAction->runWithParams(Array)
#11 /var/www/html/framework/web/CController.php(286): CController->runAction(Object(CInlineAction))
#12 /var/www/html/framework/web/CController.php(265): CController->runActionWithFilters(Object(CInlineAction), Array)
#13 /var/www/html/framework/web/CWebApplication.php(282): CController->run('contact')
#14 /var/www/html/framework/web/CWebApplication.php(141): CWebApplication->runController('site/contact')
#15 /var/www/html/framework/base/CApplication.php(185): CWebApplication->processRequest()
#16 /var/www/html/index.php(13): CApplication->run()
#17 {main}
REQUEST_URI=/index.php?r=site/contact
HTTP_REFERER=http://localhost:8082/index.php?r=site/page&view=about
---
2023/05/27 07:35:30 [error] [exception.CException] exception 'CException' with message 'CAssetManager.basePath "/var/www/html/assets" is invalid. Please make sure the directory exists and is writable by the Web server process.' in /var/www/html/framework/web/CAssetManager.php:138
Stack trace:
#0 /var/www/html/framework/web/CAssetManager.php(123): CAssetManager->setBasePath('/var/www/html/a...')
#1 /var/www/html/framework/web/CAssetManager.php(217): CAssetManager->getBasePath()
#2 /var/www/html/framework/web/CClientScript.php(511): CAssetManager->publish('/var/www/html/f...')
#3 /var/www/html/framework/web/CClientScript.php(548): CClientScript->getCoreScriptUrl()
#4 /var/www/html/framework/web/CClientScript.php(349): CClientScript->getPackageBaseUrl('jquery')
#5 /var/www/html/framework/web/CClientScript.php(208): CClientScript->renderCoreScripts()
#6 /var/www/html/framework/web/CController.php(352): CClientScript->render('<!DOCTYPE html>...')
#7 /var/www/html/framework/web/CController.php(791): CController->processOutput('<!DOCTYPE html>...')
#8 /var/www/html/protected/controllers/SiteController.php(98): CController->render('login', Array)
#9 /var/www/html/framework/web/actions/CInlineAction.php(49): SiteController->actionLogin()
#10 /var/www/html/framework/web/CController.php(308): CInlineAction->runWithParams(Array)
#11 /var/www/html/framework/web/CController.php(286): CController->runAction(Object(CInlineAction))
#12 /var/www/html/framework/web/CController.php(265): CController->runActionWithFilters(Object(CInlineAction), Array)
#13 /var/www/html/framework/web/CWebApplication.php(282): CController->run('login')
#14 /var/www/html/framework/web/CWebApplication.php(141): CWebApplication->runController('site/login')
#15 /var/www/html/framework/base/CApplication.php(185): CWebApplication->processRequest()
#16 /var/www/html/index.php(13): CApplication->run()
#17 {main}
REQUEST_URI=/index.php?r=site/login
HTTP_REFERER=http://localhost:8082/index.php?r=site/page&view=about
---
2023/05/27 07:36:27 [error] [exception.CException] exception 'CException' with message 'CAssetManager.basePath "/var/www/html/assets" is invalid. Please make sure the directory exists and is writable by the Web server process.' in /var/www/html/framework/web/CAssetManager.php:138
Stack trace:
#0 /var/www/html/framework/web/CAssetManager.php(123): CAssetManager->setBasePath('/var/www/html/a...')
#1 /var/www/html/framework/web/CAssetManager.php(217): CAssetManager->getBasePath()
#2 /var/www/html/framework/web/CClientScript.php(511): CAssetManager->publish('/var/www/html/f...')
#3 /var/www/html/framework/web/CClientScript.php(548): CClientScript->getCoreScriptUrl()
#4 /var/www/html/framework/web/CClientScript.php(349): CClientScript->getPackageBaseUrl('jquery')
#5 /var/www/html/framework/web/CClientScript.php(208): CClientScript->renderCoreScripts()
#6 /var/www/html/framework/web/CController.php(352): CClientScript->render('<!DOCTYPE html>...')
#7 /var/www/html/framework/web/CController.php(791): CController->processOutput('<!DOCTYPE html>...')
#8 /var/www/html/protected/controllers/SiteController.php(98): CController->render('login', Array)
#9 /var/www/html/framework/web/actions/CInlineAction.php(49): SiteController->actionLogin()
#10 /var/www/html/framework/web/CController.php(308): CInlineAction->runWithParams(Array)
#11 /var/www/html/framework/web/CController.php(286): CController->runAction(Object(CInlineAction))
#12 /var/www/html/framework/web/CController.php(265): CController->runActionWithFilters(Object(CInlineAction), Array)
#13 /var/www/html/framework/web/CWebApplication.php(282): CController->run('login')
#14 /var/www/html/framework/web/CWebApplication.php(141): CWebApplication->runController('site/login')
#15 /var/www/html/framework/base/CApplication.php(185): CWebApplication->processRequest()
#16 /var/www/html/index.php(13): CApplication->run()
#17 {main}
REQUEST_URI=/index.php?r=site/login
HTTP_REFERER=http://localhost:8082/index.php?r=site/page&view=about
---
2023/05/27 07:46:30 [error] [exception.CHttpException.404] CHttpException: The system is unable to find the requested action "contact". in /var/www/html/framework/web/CController.php:486
Stack trace:
#0 /var/www/html/framework/web/CController.php(270): CController->missingAction('contact')
#1 /var/www/html/framework/web/CWebApplication.php(282): CController->run('contact')
#2 /var/www/html/framework/web/CWebApplication.php(141): CWebApplication->runController('site/contact')
#3 /var/www/html/framework/base/CApplication.php(185): CWebApplication->processRequest()
#4 /var/www/html/index.php(13): CApplication->run()
#5 {main}
REQUEST_URI=/index.php?r=site/contact
HTTP_REFERER=http://localhost:8082/index.php?r=site/login
---
2023/05/27 07:46:32 [error] [exception.CHttpException.404] CHttpException: The system is unable to find the requested action "contact". in /var/www/html/framework/web/CController.php:486
Stack trace:
#0 /var/www/html/framework/web/CController.php(270): CController->missingAction('contact')
#1 /var/www/html/framework/web/CWebApplication.php(282): CController->run('contact')
#2 /var/www/html/framework/web/CWebApplication.php(141): CWebApplication->runController('site/contact')
#3 /var/www/html/framework/base/CApplication.php(185): CWebApplication->processRequest()
#4 /var/www/html/index.php(13): CApplication->run()
#5 {main}
REQUEST_URI=/index.php?r=site/contact
HTTP_REFERER=http://localhost:8082/index.php?r=site/login
---
2023/05/27 07:46:35 [error] [exception.CHttpException.404] CHttpException: The system is unable to find the requested action "page". in /var/www/html/framework/web/CController.php:486
Stack trace:
#0 /var/www/html/framework/web/CController.php(270): CController->missingAction('page')
#1 /var/www/html/framework/web/CWebApplication.php(282): CController->run('page')
#2 /var/www/html/framework/web/CWebApplication.php(141): CWebApplication->runController('site/page')
#3 /var/www/html/framework/base/CApplication.php(185): CWebApplication->processRequest()
#4 /var/www/html/index.php(13): CApplication->run()
#5 {main}
REQUEST_URI=/index.php?r=site/page&view=about
HTTP_REFERER=http://localhost:8082/index.php?r=site/login
---
2023/05/27 07:49:04 [error] [exception.CHttpException.404] CHttpException: The system is unable to find the requested action "contact". in /var/www/html/framework/web/CController.php:486
Stack trace:
#0 /var/www/html/framework/web/CController.php(270): CController->missingAction('contact')
#1 /var/www/html/framework/web/CWebApplication.php(282): CController->run('contact')
#2 /var/www/html/framework/web/CWebApplication.php(141): CWebApplication->runController('site/contact')
#3 /var/www/html/framework/base/CApplication.php(185): CWebApplication->processRequest()
#4 /var/www/html/index.php(13): CApplication->run()
#5 {main}
REQUEST_URI=/index.php/site/contact
HTTP_REFERER=http://localhost:8082/
---
2023/05/27 07:49:06 [error] [exception.CHttpException.404] CHttpException: The system is unable to find the requested action "page". in /var/www/html/framework/web/CController.php:486
Stack trace:
#0 /var/www/html/framework/web/CController.php(270): CController->missingAction('page')
#1 /var/www/html/framework/web/CWebApplication.php(282): CController->run('page')
#2 /var/www/html/framework/web/CWebApplication.php(141): CWebApplication->runController('site/page')
#3 /var/www/html/framework/base/CApplication.php(185): CWebApplication->processRequest()
#4 /var/www/html/index.php(13): CApplication->run()
#5 {main}
REQUEST_URI=/index.php/site/page?view=about
HTTP_REFERER=http://localhost:8082/
---
2023/05/27 07:49:16 [error] [exception.CHttpException.404] CHttpException: Unable to resolve the request "gii". in /var/www/html/framework/web/CWebApplication.php:286
Stack trace:
#0 /var/www/html/framework/web/CWebApplication.php(141): CWebApplication->runController('gii')
#1 /var/www/html/framework/base/CApplication.php(185): CWebApplication->processRequest()
#2 /var/www/html/index.php(13): CApplication->run()
#3 {main}
REQUEST_URI=/index.php/gii
---
2023/05/27 07:49:52 [error] [exception.CHttpException.404] CHttpException: Unable to resolve the request "/index.php". in /var/www/html/framework/web/CWebApplication.php:286
Stack trace:
#0 /var/www/html/framework/web/CWebApplication.php(141): CWebApplication->runController('/index.php')
#1 /var/www/html/framework/base/CApplication.php(185): CWebApplication->processRequest()
#2 /var/www/html/index.php(13): CApplication->run()
#3 {main}
REQUEST_URI=//index.php?r=gii%20-
---
2023/05/27 07:50:07 [error] [exception.CHttpException.404] CHttpException: Unable to resolve the request "gii". in /var/www/html/framework/web/CWebApplication.php:286
Stack trace:
#0 /var/www/html/framework/web/CWebApplication.php(141): CWebApplication->runController('gii')
#1 /var/www/html/framework/base/CApplication.php(185): CWebApplication->processRequest()
#2 /var/www/html/index.php(13): CApplication->run()
#3 {main}
REQUEST_URI=/index.php/gii
---
2023/05/27 07:50:27 [error] [exception.CHttpException.403] CHttpException: You are not allowed to access this page. in /var/www/html/framework/gii/GiiModule.php:170
Stack trace:
#0 /var/www/html/framework/web/CController.php(263): GiiModule->beforeControllerAction(Object(DefaultController), Object(CInlineAction))
#1 /var/www/html/framework/web/CWebApplication.php(282): CController->run('')
#2 /var/www/html/framework/web/CWebApplication.php(141): CWebApplication->runController('gii')
#3 /var/www/html/framework/base/CApplication.php(185): CWebApplication->processRequest()
#4 /var/www/html/index.php(13): CApplication->run()
#5 {main}
REQUEST_URI=/index.php/gii
---
2023/05/27 15:59:04 [error] [exception.CDbException] CDbException: CDbConnection failed to open the DB connection: could not find driver in /home/ru51a4/ode/yii-1---docker-master/www/framework/db/CDbConnection.php:399
Stack trace:
#0 /home/ru51a4/ode/yii-1---docker-master/www/framework/db/CDbConnection.php(347): CDbConnection->open()
#1 /home/ru51a4/ode/yii-1---docker-master/www/framework/db/CDbConnection.php(325): CDbConnection->setActive()
#2 /home/ru51a4/ode/yii-1---docker-master/www/framework/base/CModule.php(394): CDbConnection->init()
#3 /home/ru51a4/ode/yii-1---docker-master/www/framework/cli/commands/MigrateCommand.php(472): CModule->getComponent()
#4 /home/ru51a4/ode/yii-1---docker-master/www/framework/cli/commands/MigrateCommand.php(481): MigrateCommand->getDbConnection()
#5 /home/ru51a4/ode/yii-1---docker-master/www/framework/cli/commands/MigrateCommand.php(512): MigrateCommand->getMigrationHistory()
#6 /home/ru51a4/ode/yii-1---docker-master/www/framework/cli/commands/MigrateCommand.php(84): MigrateCommand->getNewMigrations()
#7 [internal function]: MigrateCommand->actionUp()
#8 /home/ru51a4/ode/yii-1---docker-master/www/framework/console/CConsoleCommand.php(178): ReflectionMethod->invokeArgs()
#9 /home/ru51a4/ode/yii-1---docker-master/www/framework/console/CConsoleCommandRunner.php(71): CConsoleCommand->run()
#10 /home/ru51a4/ode/yii-1---docker-master/www/framework/console/CConsoleApplication.php(92): CConsoleCommandRunner->run()
#11 /home/ru51a4/ode/yii-1---docker-master/www/framework/base/CApplication.php(185): CConsoleApplication->processRequest()
#12 /home/ru51a4/ode/yii-1---docker-master/www/framework/yiic.php(33): CApplication->run()
#13 /home/ru51a4/ode/yii-1---docker-master/www/protected/yiic.php(7): require_once('...')
#14 {main}
---
2023/05/27 15:59:06 [error] [exception.CDbException] CDbException: CDbConnection failed to open the DB connection: could not find driver in /home/ru51a4/ode/yii-1---docker-master/www/framework/db/CDbConnection.php:399
Stack trace:
#0 /home/ru51a4/ode/yii-1---docker-master/www/framework/db/CDbConnection.php(347): CDbConnection->open()
#1 /home/ru51a4/ode/yii-1---docker-master/www/framework/db/CDbConnection.php(325): CDbConnection->setActive()
#2 /home/ru51a4/ode/yii-1---docker-master/www/framework/base/CModule.php(394): CDbConnection->init()
#3 /home/ru51a4/ode/yii-1---docker-master/www/framework/cli/commands/MigrateCommand.php(472): CModule->getComponent()
#4 /home/ru51a4/ode/yii-1---docker-master/www/framework/cli/commands/MigrateCommand.php(481): MigrateCommand->getDbConnection()
#5 /home/ru51a4/ode/yii-1---docker-master/www/framework/cli/commands/MigrateCommand.php(512): MigrateCommand->getMigrationHistory()
#6 /home/ru51a4/ode/yii-1---docker-master/www/framework/cli/commands/MigrateCommand.php(84): MigrateCommand->getNewMigrations()
#7 [internal function]: MigrateCommand->actionUp()
#8 /home/ru51a4/ode/yii-1---docker-master/www/framework/console/CConsoleCommand.php(178): ReflectionMethod->invokeArgs()
#9 /home/ru51a4/ode/yii-1---docker-master/www/framework/console/CConsoleCommandRunner.php(71): CConsoleCommand->run()
#10 /home/ru51a4/ode/yii-1---docker-master/www/framework/console/CConsoleApplication.php(92): CConsoleCommandRunner->run()
#11 /home/ru51a4/ode/yii-1---docker-master/www/framework/base/CApplication.php(185): CConsoleApplication->processRequest()
#12 /home/ru51a4/ode/yii-1---docker-master/www/framework/yiic.php(33): CApplication->run()
#13 /home/ru51a4/ode/yii-1---docker-master/www/protected/yiic.php(7): require_once('...')
#14 {main}
---
2023/05/27 15:59:28 [error] [exception.CDbException] CDbException: CDbConnection failed to open the DB connection: could not find driver in /home/ru51a4/ode/yii-1---docker-master/www/framework/db/CDbConnection.php:399
Stack trace:
#0 /home/ru51a4/ode/yii-1---docker-master/www/framework/db/CDbConnection.php(347): CDbConnection->open()
#1 /home/ru51a4/ode/yii-1---docker-master/www/framework/db/CDbConnection.php(325): CDbConnection->setActive()
#2 /home/ru51a4/ode/yii-1---docker-master/www/framework/base/CModule.php(394): CDbConnection->init()
#3 /home/ru51a4/ode/yii-1---docker-master/www/framework/cli/commands/MigrateCommand.php(472): CModule->getComponent()
#4 /home/ru51a4/ode/yii-1---docker-master/www/framework/cli/commands/MigrateCommand.php(481): MigrateCommand->getDbConnection()
#5 /home/ru51a4/ode/yii-1---docker-master/www/framework/cli/commands/MigrateCommand.php(512): MigrateCommand->getMigrationHistory()
#6 /home/ru51a4/ode/yii-1---docker-master/www/framework/cli/commands/MigrateCommand.php(84): MigrateCommand->getNewMigrations()
#7 [internal function]: MigrateCommand->actionUp()
#8 /home/ru51a4/ode/yii-1---docker-master/www/framework/console/CConsoleCommand.php(178): ReflectionMethod->invokeArgs()
#9 /home/ru51a4/ode/yii-1---docker-master/www/framework/console/CConsoleCommandRunner.php(71): CConsoleCommand->run()
#10 /home/ru51a4/ode/yii-1---docker-master/www/framework/console/CConsoleApplication.php(92): CConsoleCommandRunner->run()
#11 /home/ru51a4/ode/yii-1---docker-master/www/framework/base/CApplication.php(185): CConsoleApplication->processRequest()
#12 /home/ru51a4/ode/yii-1---docker-master/www/framework/yiic.php(33): CApplication->run()
#13 /home/ru51a4/ode/yii-1---docker-master/www/protected/yiic.php(7): require_once('...')
#14 {main}
---
2023/05/27 16:02:31 [error] [exception.CDbException] CDbException: CDbConnection failed to open the DB connection: could not find driver in /home/ru51a4/ode/yii-1---docker-master/www/framework/db/CDbConnection.php:399
Stack trace:
#0 /home/ru51a4/ode/yii-1---docker-master/www/framework/db/CDbConnection.php(347): CDbConnection->open()
#1 /home/ru51a4/ode/yii-1---docker-master/www/framework/db/CDbConnection.php(325): CDbConnection->setActive()
#2 /home/ru51a4/ode/yii-1---docker-master/www/framework/base/CModule.php(394): CDbConnection->init()
#3 /home/ru51a4/ode/yii-1---docker-master/www/framework/cli/commands/MigrateCommand.php(472): CModule->getComponent()
#4 /home/ru51a4/ode/yii-1---docker-master/www/framework/cli/commands/MigrateCommand.php(481): MigrateCommand->getDbConnection()
#5 /home/ru51a4/ode/yii-1---docker-master/www/framework/cli/commands/MigrateCommand.php(512): MigrateCommand->getMigrationHistory()
#6 /home/ru51a4/ode/yii-1---docker-master/www/framework/cli/commands/MigrateCommand.php(84): MigrateCommand->getNewMigrations()
#7 [internal function]: MigrateCommand->actionUp()
#8 /home/ru51a4/ode/yii-1---docker-master/www/framework/console/CConsoleCommand.php(178): ReflectionMethod->invokeArgs()
#9 /home/ru51a4/ode/yii-1---docker-master/www/framework/console/CConsoleCommandRunner.php(71): CConsoleCommand->run()
#10 /home/ru51a4/ode/yii-1---docker-master/www/framework/console/CConsoleApplication.php(92): CConsoleCommandRunner->run()
#11 /home/ru51a4/ode/yii-1---docker-master/www/framework/base/CApplication.php(185): CConsoleApplication->processRequest()
#12 /home/ru51a4/ode/yii-1---docker-master/www/framework/yiic.php(33): CApplication->run()
#13 /home/ru51a4/ode/yii-1---docker-master/www/protected/yiic.php(7): require_once('...')
#14 {main}
---
2023/05/27 16:02:32 [error] [exception.CDbException] CDbException: CDbConnection failed to open the DB connection: could not find driver in /home/ru51a4/ode/yii-1---docker-master/www/framework/db/CDbConnection.php:399
Stack trace:
#0 /home/ru51a4/ode/yii-1---docker-master/www/framework/db/CDbConnection.php(347): CDbConnection->open()
#1 /home/ru51a4/ode/yii-1---docker-master/www/framework/db/CDbConnection.php(325): CDbConnection->setActive()
#2 /home/ru51a4/ode/yii-1---docker-master/www/framework/base/CModule.php(394): CDbConnection->init()
#3 /home/ru51a4/ode/yii-1---docker-master/www/framework/cli/commands/MigrateCommand.php(472): CModule->getComponent()
#4 /home/ru51a4/ode/yii-1---docker-master/www/framework/cli/commands/MigrateCommand.php(481): MigrateCommand->getDbConnection()
#5 /home/ru51a4/ode/yii-1---docker-master/www/framework/cli/commands/MigrateCommand.php(512): MigrateCommand->getMigrationHistory()
#6 /home/ru51a4/ode/yii-1---docker-master/www/framework/cli/commands/MigrateCommand.php(84): MigrateCommand->getNewMigrations()
#7 [internal function]: MigrateCommand->actionUp()
#8 /home/ru51a4/ode/yii-1---docker-master/www/framework/console/CConsoleCommand.php(178): ReflectionMethod->invokeArgs()
#9 /home/ru51a4/ode/yii-1---docker-master/www/framework/console/CConsoleCommandRunner.php(71): CConsoleCommand->run()
#10 /home/ru51a4/ode/yii-1---docker-master/www/framework/console/CConsoleApplication.php(92): CConsoleCommandRunner->run()
#11 /home/ru51a4/ode/yii-1---docker-master/www/framework/base/CApplication.php(185): CConsoleApplication->processRequest()
#12 /home/ru51a4/ode/yii-1---docker-master/www/framework/yiic.php(33): CApplication->run()
#13 /home/ru51a4/ode/yii-1---docker-master/www/protected/yiic.php(7): require_once('...')
#14 {main}
---
2023/05/27 16:02:33 [error] [exception.CDbException] CDbException: CDbConnection failed to open the DB connection: could not find driver in /home/ru51a4/ode/yii-1---docker-master/www/framework/db/CDbConnection.php:399
Stack trace:
#0 /home/ru51a4/ode/yii-1---docker-master/www/framework/db/CDbConnection.php(347): CDbConnection->open()
#1 /home/ru51a4/ode/yii-1---docker-master/www/framework/db/CDbConnection.php(325): CDbConnection->setActive()
#2 /home/ru51a4/ode/yii-1---docker-master/www/framework/base/CModule.php(394): CDbConnection->init()
#3 /home/ru51a4/ode/yii-1---docker-master/www/framework/cli/commands/MigrateCommand.php(472): CModule->getComponent()
#4 /home/ru51a4/ode/yii-1---docker-master/www/framework/cli/commands/MigrateCommand.php(481): MigrateCommand->getDbConnection()
#5 /home/ru51a4/ode/yii-1---docker-master/www/framework/cli/commands/MigrateCommand.php(512): MigrateCommand->getMigrationHistory()
#6 /home/ru51a4/ode/yii-1---docker-master/www/framework/cli/commands/MigrateCommand.php(84): MigrateCommand->getNewMigrations()
#7 [internal function]: MigrateCommand->actionUp()
#8 /home/ru51a4/ode/yii-1---docker-master/www/framework/console/CConsoleCommand.php(178): ReflectionMethod->invokeArgs()
#9 /home/ru51a4/ode/yii-1---docker-master/www/framework/console/CConsoleCommandRunner.php(71): CConsoleCommand->run()
#10 /home/ru51a4/ode/yii-1---docker-master/www/framework/console/CConsoleApplication.php(92): CConsoleCommandRunner->run()
#11 /home/ru51a4/ode/yii-1---docker-master/www/framework/base/CApplication.php(185): CConsoleApplication->processRequest()
#12 /home/ru51a4/ode/yii-1---docker-master/www/framework/yiic.php(33): CApplication->run()
#13 /home/ru51a4/ode/yii-1---docker-master/www/protected/yiic.php(7): require_once('...')
#14 {main}
---
2023/05/27 11:03:25 [error] [system.db.CDbCommand] CDbCommand::fetchAll() failed: SQLSTATE[42S02]: Base table or view not found: 1146 Table 'yii_tests.tbl_migration' doesn't exist. The SQL statement executed was: SHOW FULL COLUMNS FROM `tbl_migration`.
2023/05/27 11:03:27 [error] [system.db.CDbCommand] CDbCommand::execute() failed: SQLSTATE[42000]: Syntax error or access violation: 1064 You have an error in your SQL syntax; check the manual that corresponds to your MySQL server version for the right syntax to use near ') default NULL,
			`description` text() default NULL,
			`user_id` int(11) defau' at line 3. The SQL statement executed was: CREATE TABLE diaries (
			`id` int(11) NOT NULL auto_increment,
			`name` text() default NULL,
			`description` text() default NULL,
			`user_id` int(11) default NULL,
			PRIMARY KEY  (`id`)
		  ) ENGINE=InnoDB DEFAULT CHARSET=utf8;.
2023/05/27 11:03:27 [error] [exception.CDbException] CDbException: CDbCommand failed to execute the SQL statement: SQLSTATE[42000]: Syntax error or access violation: 1064 You have an error in your SQL syntax; check the manual that corresponds to your MySQL server version for the right syntax to use near ') default NULL,
			`description` text() default NULL,
			`user_id` int(11) defau' at line 3. The SQL statement executed was: CREATE TABLE diaries (
			`id` int(11) NOT NULL auto_increment,
			`name` text() default NULL,
			`description` text() default NULL,
			`user_id` int(11) default NULL,
			PRIMARY KEY  (`id`)
		  ) ENGINE=InnoDB DEFAULT CHARSET=utf8; in /var/www/html/framework/db/CDbCommand.php:358
Stack trace:
#0 /var/www/html/framework/db/CDbMigration.php(164): CDbCommand->execute(Array)
#1 /var/www/html/protected/migrations/m230527_105553_create_diaries_table.php(7): CDbMigration->execute('CREATE TABLE di...')
#2 /var/www/html/framework/cli/commands/MigrateCommand.php(415): m230527_105553_create_diaries_table->up()
#3 /var/www/html/framework/cli/commands/MigrateCommand.php(109): MigrateCommand->migrateUp('m230527_105553_...')
#4 [internal function]: MigrateCommand->actionUp(Array)
#5 /var/www/html/framework/console/CConsoleCommand.php(178): ReflectionMethod->invokeArgs(Object(MigrateCommand), Array)
#6 /var/www/html/framework/console/CConsoleCommandRunner.php(71): CConsoleCommand->run(Array)
#7 /var/www/html/framework/console/CConsoleApplication.php(92): CConsoleCommandRunner->run(Array)
#8 /var/www/html/framework/base/CApplication.php(185): CConsoleApplication->processRequest()
#9 /var/www/html/framework/yiic.php(33): CApplication->run()
#10 /var/www/html/protected/yiic.php(7): require_once('/var/www/html/f...')
#11 {main}
---
2023/05/27 08:11:33 [error] [exception.CException] CException: CWebApplication and its behaviors do not have a method or closure named "user". in /var/www/html/framework/base/CComponent.php:266
Stack trace:
#0 /var/www/html/protected/controllers/SiteController.php(22): CComponent->__call('user', Array)
#1 /var/www/html/framework/web/actions/CInlineAction.php(49): SiteController->actionIndex()
#2 /var/www/html/framework/web/CController.php(308): CInlineAction->runWithParams(Array)
#3 /var/www/html/framework/web/CController.php(286): CController->runAction(Object(CInlineAction))
#4 /var/www/html/framework/web/CController.php(265): CController->runActionWithFilters(Object(CInlineAction), Array)
#5 /var/www/html/framework/web/CWebApplication.php(282): CController->run('')
#6 /var/www/html/framework/web/CWebApplication.php(141): CWebApplication->runController('')
#7 /var/www/html/framework/base/CApplication.php(185): CWebApplication->processRequest()
#8 /var/www/html/index.php(13): CApplication->run()
#9 {main}
REQUEST_URI=/index.php
HTTP_REFERER=http://localhost:8082/index.php?r=site/login
---
2023/05/27 08:11:49 [error] [exception.CException] CException: CWebApplication and its behaviors do not have a method or closure named "user". in /var/www/html/framework/base/CComponent.php:266
Stack trace:
#0 /var/www/html/protected/controllers/SiteController.php(22): CComponent->__call('user', Array)
#1 /var/www/html/framework/web/actions/CInlineAction.php(49): SiteController->actionIndex()
#2 /var/www/html/framework/web/CController.php(308): CInlineAction->runWithParams(Array)
#3 /var/www/html/framework/web/CController.php(286): CController->runAction(Object(CInlineAction))
#4 /var/www/html/framework/web/CController.php(265): CController->runActionWithFilters(Object(CInlineAction), Array)
#5 /var/www/html/framework/web/CWebApplication.php(282): CController->run('')
#6 /var/www/html/framework/web/CWebApplication.php(141): CWebApplication->runController('')
#7 /var/www/html/framework/base/CApplication.php(185): CWebApplication->processRequest()
#8 /var/www/html/index.php(13): CApplication->run()
#9 {main}
REQUEST_URI=/index.php
HTTP_REFERER=http://localhost:8082/index.php?r=site/login
---
2023/05/27 08:12:10 [error] [exception.CException] CException: CWebUser and its behaviors do not have a method or closure named "id". in /var/www/html/framework/base/CComponent.php:266
Stack trace:
#0 /var/www/html/protected/controllers/SiteController.php(22): CComponent->__call('id', Array)
#1 /var/www/html/framework/web/actions/CInlineAction.php(49): SiteController->actionIndex()
#2 /var/www/html/framework/web/CController.php(308): CInlineAction->runWithParams(Array)
#3 /var/www/html/framework/web/CController.php(286): CController->runAction(Object(CInlineAction))
#4 /var/www/html/framework/web/CController.php(265): CController->runActionWithFilters(Object(CInlineAction), Array)
#5 /var/www/html/framework/web/CWebApplication.php(282): CController->run('')
#6 /var/www/html/framework/web/CWebApplication.php(141): CWebApplication->runController('')
#7 /var/www/html/framework/base/CApplication.php(185): CWebApplication->processRequest()
#8 /var/www/html/index.php(13): CApplication->run()
#9 {main}
REQUEST_URI=/index.php
HTTP_REFERER=http://localhost:8082/index.php?r=site/login
---
2023/05/27 08:12:11 [error] [exception.CException] CException: CWebUser and its behaviors do not have a method or closure named "id". in /var/www/html/framework/base/CComponent.php:266
Stack trace:
#0 /var/www/html/protected/controllers/SiteController.php(22): CComponent->__call('id', Array)
#1 /var/www/html/framework/web/actions/CInlineAction.php(49): SiteController->actionIndex()
#2 /var/www/html/framework/web/CController.php(308): CInlineAction->runWithParams(Array)
#3 /var/www/html/framework/web/CController.php(286): CController->runAction(Object(CInlineAction))
#4 /var/www/html/framework/web/CController.php(265): CController->runActionWithFilters(Object(CInlineAction), Array)
#5 /var/www/html/framework/web/CWebApplication.php(282): CController->run('')
#6 /var/www/html/framework/web/CWebApplication.php(141): CWebApplication->runController('')
#7 /var/www/html/framework/base/CApplication.php(185): CWebApplication->processRequest()
#8 /var/www/html/index.php(13): CApplication->run()
#9 {main}
REQUEST_URI=/index.php
HTTP_REFERER=http://localhost:8082/index.php?r=site/login
---
2023/05/27 08:13:09 [error] [exception.CHttpException.404] CHttpException: The system is unable to find the requested action "contact". in /var/www/html/framework/web/CController.php:486
Stack trace:
#0 /var/www/html/framework/web/CController.php(270): CController->missingAction('contact')
#1 /var/www/html/framework/web/CWebApplication.php(282): CController->run('contact')
#2 /var/www/html/framework/web/CWebApplication.php(141): CWebApplication->runController('site/contact')
#3 /var/www/html/framework/base/CApplication.php(185): CWebApplication->processRequest()
#4 /var/www/html/index.php(13): CApplication->run()
#5 {main}
REQUEST_URI=/index.php?r=site/contact
HTTP_REFERER=http://localhost:8082/index.php
---
2023/05/27 08:13:10 [error] [exception.CHttpException.404] CHttpException: The system is unable to find the requested action "contact". in /var/www/html/framework/web/CController.php:486
Stack trace:
#0 /var/www/html/framework/web/CController.php(270): CController->missingAction('contact')
#1 /var/www/html/framework/web/CWebApplication.php(282): CController->run('contact')
#2 /var/www/html/framework/web/CWebApplication.php(141): CWebApplication->runController('site/contact')
#3 /var/www/html/framework/base/CApplication.php(185): CWebApplication->processRequest()
#4 /var/www/html/index.php(13): CApplication->run()
#5 {main}
REQUEST_URI=/index.php?r=site/contact
HTTP_REFERER=http://localhost:8082/index.php
---
2023/05/27 08:26:05 [error] [exception.CHttpException.404] CHttpException: The system is unable to find the requested action "seed". in /var/www/html/framework/web/CController.php:486
Stack trace:
#0 /var/www/html/framework/web/CController.php(270): CController->missingAction('seed')
#1 /var/www/html/framework/web/CWebApplication.php(282): CController->run('seed')
#2 /var/www/html/framework/web/CWebApplication.php(141): CWebApplication->runController('site/seed')
#3 /var/www/html/framework/base/CApplication.php(185): CWebApplication->processRequest()
#4 /var/www/html/index.php(13): CApplication->run()
#5 {main}
REQUEST_URI=/index.php?r=site/seed
---
2023/05/27 08:26:15 [error] [exception.Error] Error: Access to undeclared static property: Yii::$app in /var/www/html/protected/controllers/SiteController.php:28
Stack trace:
#0 /var/www/html/framework/web/actions/CInlineAction.php(49): SiteController->actionSeed()
#1 /var/www/html/framework/web/CController.php(308): CInlineAction->runWithParams(Array)
#2 /var/www/html/framework/web/CController.php(286): CController->runAction(Object(CInlineAction))
#3 /var/www/html/framework/web/CController.php(265): CController->runActionWithFilters(Object(CInlineAction), Array)
#4 /var/www/html/framework/web/CWebApplication.php(282): CController->run('seed')
#5 /var/www/html/framework/web/CWebApplication.php(141): CWebApplication->runController('site/seed')
#6 /var/www/html/framework/base/CApplication.php(185): CWebApplication->processRequest()
#7 /var/www/html/index.php(13): CApplication->run()
#8 {main}
REQUEST_URI=/index.php?r=site/seed
---
2023/05/27 08:26:26 [error] [exception.Error] Error: Access to undeclared static property: Yii::$app in /var/www/html/protected/controllers/SiteController.php:28
Stack trace:
#0 /var/www/html/framework/web/actions/CInlineAction.php(49): SiteController->actionSeed()
#1 /var/www/html/framework/web/CController.php(308): CInlineAction->runWithParams(Array)
#2 /var/www/html/framework/web/CController.php(286): CController->runAction(Object(CInlineAction))
#3 /var/www/html/framework/web/CController.php(265): CController->runActionWithFilters(Object(CInlineAction), Array)
#4 /var/www/html/framework/web/CWebApplication.php(282): CController->run('seed')
#5 /var/www/html/framework/web/CWebApplication.php(141): CWebApplication->runController('site/seed')
#6 /var/www/html/framework/base/CApplication.php(185): CWebApplication->processRequest()
#7 /var/www/html/index.php(13): CApplication->run()
#8 {main}
REQUEST_URI=/index.php?r=site/seed
---
2023/05/27 08:27:01 [error] [exception.CException] CException: CWebApplication and its behaviors do not have a method or closure named "getSecurity". in /var/www/html/framework/base/CComponent.php:266
Stack trace:
#0 /var/www/html/protected/controllers/SiteController.php(28): CComponent->__call('getSecurity', Array)
#1 /var/www/html/framework/web/actions/CInlineAction.php(49): SiteController->actionSeed()
#2 /var/www/html/framework/web/CController.php(308): CInlineAction->runWithParams(Array)
#3 /var/www/html/framework/web/CController.php(286): CController->runAction(Object(CInlineAction))
#4 /var/www/html/framework/web/CController.php(265): CController->runActionWithFilters(Object(CInlineAction), Array)
#5 /var/www/html/framework/web/CWebApplication.php(282): CController->run('seed')
#6 /var/www/html/framework/web/CWebApplication.php(141): CWebApplication->runController('site/seed')
#7 /var/www/html/framework/base/CApplication.php(185): CWebApplication->processRequest()
#8 /var/www/html/index.php(13): CApplication->run()
#9 {main}
REQUEST_URI=/index.php?r=site/seed
---
2023/05/27 08:28:43 [error] [exception.Error] Error: Call to undefined method Diaries::all() in /var/www/html/protected/controllers/SiteController.php:19
Stack trace:
#0 /var/www/html/framework/web/actions/CInlineAction.php(49): SiteController->actionIndex()
#1 /var/www/html/framework/web/CController.php(308): CInlineAction->runWithParams(Array)
#2 /var/www/html/framework/web/CController.php(286): CController->runAction(Object(CInlineAction))
#3 /var/www/html/framework/web/CController.php(265): CController->runActionWithFilters(Object(CInlineAction), Array)
#4 /var/www/html/framework/web/CWebApplication.php(282): CController->run('')
#5 /var/www/html/framework/web/CWebApplication.php(141): CWebApplication->runController('')
#6 /var/www/html/framework/base/CApplication.php(185): CWebApplication->processRequest()
#7 /var/www/html/index.php(13): CApplication->run()
#8 {main}
REQUEST_URI=/
---
2023/05/27 08:28:47 [error] [exception.Error] Error: Using $this when not in object context in /var/www/html/framework/db/ar/CActiveRecord.php:1462
Stack trace:
#0 /var/www/html/protected/controllers/SiteController.php(19): CActiveRecord::find()
#1 /var/www/html/framework/web/actions/CInlineAction.php(49): SiteController->actionIndex()
#2 /var/www/html/framework/web/CController.php(308): CInlineAction->runWithParams(Array)
#3 /var/www/html/framework/web/CController.php(286): CController->runAction(Object(CInlineAction))
#4 /var/www/html/framework/web/CController.php(265): CController->runActionWithFilters(Object(CInlineAction), Array)
#5 /var/www/html/framework/web/CWebApplication.php(282): CController->run('')
#6 /var/www/html/framework/web/CWebApplication.php(141): CWebApplication->runController('')
#7 /var/www/html/framework/base/CApplication.php(185): CWebApplication->processRequest()
#8 /var/www/html/index.php(13): CApplication->run()
#9 {main}
REQUEST_URI=/
---
2023/05/27 08:29:20 [error] [exception.Error] Error: Using $this when not in object context in /var/www/html/framework/db/ar/CActiveRecord.php:1476
Stack trace:
#0 /var/www/html/protected/controllers/SiteController.php(19): CActiveRecord::findAll()
#1 /var/www/html/framework/web/actions/CInlineAction.php(49): SiteController->actionIndex()
#2 /var/www/html/framework/web/CController.php(308): CInlineAction->runWithParams(Array)
#3 /var/www/html/framework/web/CController.php(286): CController->runAction(Object(CInlineAction))
#4 /var/www/html/framework/web/CController.php(265): CController->runActionWithFilters(Object(CInlineAction), Array)
#5 /var/www/html/framework/web/CWebApplication.php(282): CController->run('')
#6 /var/www/html/framework/web/CWebApplication.php(141): CWebApplication->runController('')
#7 /var/www/html/framework/base/CApplication.php(185): CWebApplication->processRequest()
#8 /var/www/html/index.php(13): CApplication->run()
#9 {main}
REQUEST_URI=/
---
2023/05/27 08:31:27 [error] [exception.CDbException] CDbException: Relation "diaries" is not defined in active record class "Diaries". in /var/www/html/framework/db/ar/CActiveFinder.php:227
Stack trace:
#0 /var/www/html/framework/db/ar/CActiveFinder.php(300): CActiveFinder->buildJoinTree(Object(CJoinElement), 'diaries')
#1 /var/www/html/framework/db/ar/CActiveFinder.php(48): CActiveFinder->buildJoinTree(Object(CJoinElement), Array)
#2 /var/www/html/framework/db/ar/CActiveRecord.php(915): CActiveFinder->__construct(Object(Diaries), Array)
#3 /var/www/html/framework/db/ar/CActiveRecord.php(1363): CActiveRecord->getActiveFinder(Array)
#4 /var/www/html/framework/db/ar/CActiveRecord.php(1478): CActiveRecord->query(Object(CDbCriteria), true)
#5 /var/www/html/protected/controllers/SiteController.php(19): CActiveRecord->findAll()
#6 /var/www/html/framework/web/actions/CInlineAction.php(49): SiteController->actionIndex()
#7 /var/www/html/framework/web/CController.php(308): CInlineAction->runWithParams(Array)
#8 /var/www/html/framework/web/CController.php(286): CController->runAction(Object(CInlineAction))
#9 /var/www/html/framework/web/CController.php(265): CController->runActionWithFilters(Object(CInlineAction), Array)
#10 /var/www/html/framework/web/CWebApplication.php(282): CController->run('')
#11 /var/www/html/framework/web/CWebApplication.php(141): CWebApplication->runController('')
#12 /var/www/html/framework/base/CApplication.php(185): CWebApplication->processRequest()
#13 /var/www/html/index.php(13): CApplication->run()
#14 {main}
REQUEST_URI=/
---
2023/05/27 08:31:35 [error] [exception.CDbException] CDbException: Relation "Diaries" is not defined in active record class "Diaries". in /var/www/html/framework/db/ar/CActiveFinder.php:227
Stack trace:
#0 /var/www/html/framework/db/ar/CActiveFinder.php(300): CActiveFinder->buildJoinTree(Object(CJoinElement), 'Diaries')
#1 /var/www/html/framework/db/ar/CActiveFinder.php(48): CActiveFinder->buildJoinTree(Object(CJoinElement), Array)
#2 /var/www/html/framework/db/ar/CActiveRecord.php(915): CActiveFinder->__construct(Object(Diaries), Array)
#3 /var/www/html/framework/db/ar/CActiveRecord.php(1363): CActiveRecord->getActiveFinder(Array)
#4 /var/www/html/framework/db/ar/CActiveRecord.php(1478): CActiveRecord->query(Object(CDbCriteria), true)
#5 /var/www/html/protected/controllers/SiteController.php(19): CActiveRecord->findAll()
#6 /var/www/html/framework/web/actions/CInlineAction.php(49): SiteController->actionIndex()
#7 /var/www/html/framework/web/CController.php(308): CInlineAction->runWithParams(Array)
#8 /var/www/html/framework/web/CController.php(286): CController->runAction(Object(CInlineAction))
#9 /var/www/html/framework/web/CController.php(265): CController->runActionWithFilters(Object(CInlineAction), Array)
#10 /var/www/html/framework/web/CWebApplication.php(282): CController->run('')
#11 /var/www/html/framework/web/CWebApplication.php(141): CWebApplication->runController('')
#12 /var/www/html/framework/base/CApplication.php(185): CWebApplication->processRequest()
#13 /var/www/html/index.php(13): CApplication->run()
#14 {main}
REQUEST_URI=/
---
2023/05/27 08:31:40 [error] [exception.CDbException] CDbException: Relation "Diary" is not defined in active record class "Diaries". in /var/www/html/framework/db/ar/CActiveFinder.php:227
Stack trace:
#0 /var/www/html/framework/db/ar/CActiveFinder.php(300): CActiveFinder->buildJoinTree(Object(CJoinElement), 'Diary')
#1 /var/www/html/framework/db/ar/CActiveFinder.php(48): CActiveFinder->buildJoinTree(Object(CJoinElement), Array)
#2 /var/www/html/framework/db/ar/CActiveRecord.php(915): CActiveFinder->__construct(Object(Diaries), Array)
#3 /var/www/html/framework/db/ar/CActiveRecord.php(1363): CActiveRecord->getActiveFinder(Array)
#4 /var/www/html/framework/db/ar/CActiveRecord.php(1478): CActiveRecord->query(Object(CDbCriteria), true)
#5 /var/www/html/protected/controllers/SiteController.php(19): CActiveRecord->findAll()
#6 /var/www/html/framework/web/actions/CInlineAction.php(49): SiteController->actionIndex()
#7 /var/www/html/framework/web/CController.php(308): CInlineAction->runWithParams(Array)
#8 /var/www/html/framework/web/CController.php(286): CController->runAction(Object(CInlineAction))
#9 /var/www/html/framework/web/CController.php(265): CController->runActionWithFilters(Object(CInlineAction), Array)
#10 /var/www/html/framework/web/CWebApplication.php(282): CController->run('')
#11 /var/www/html/framework/web/CWebApplication.php(141): CWebApplication->runController('')
#12 /var/www/html/framework/base/CApplication.php(185): CWebApplication->processRequest()
#13 /var/www/html/index.php(13): CApplication->run()
#14 {main}
REQUEST_URI=/
---
2023/05/27 08:37:57 [error] [exception.CHttpException.404] CHttpException: Unable to resolve the request "diary". in /var/www/html/framework/web/CWebApplication.php:286
Stack trace:
#0 /var/www/html/framework/web/CWebApplication.php(141): CWebApplication->runController('diary')
#1 /var/www/html/framework/base/CApplication.php(185): CWebApplication->processRequest()
#2 /var/www/html/index.php(13): CApplication->run()
#3 {main}
REQUEST_URI=/index.php/diary
---
2023/05/27 08:38:01 [error] [exception.CHttpException.404] CHttpException: Unable to resolve the request "diary/view". in /var/www/html/framework/web/CWebApplication.php:286
Stack trace:
#0 /var/www/html/framework/web/CWebApplication.php(141): CWebApplication->runController('diary/view')
#1 /var/www/html/framework/base/CApplication.php(185): CWebApplication->processRequest()
#2 /var/www/html/index.php(13): CApplication->run()
#3 {main}
REQUEST_URI=/index.php/diary/1
---
2023/05/27 08:39:20 [error] [exception.CHttpException.404] CHttpException: Unable to resolve the request "diary/view". in /var/www/html/framework/web/CWebApplication.php:286
Stack trace:
#0 /var/www/html/framework/web/CWebApplication.php(141): CWebApplication->runController('diary/view')
#1 /var/www/html/framework/base/CApplication.php(185): CWebApplication->processRequest()
#2 /var/www/html/index.php(13): CApplication->run()
#3 {main}
REQUEST_URI=/index.php/diary/1
---
2023/05/27 08:41:36 [error] [exception.CHttpException.400] CHttpException: Your request is invalid. in /var/www/html/framework/web/CController.php:337
Stack trace:
#0 /var/www/html/framework/web/CController.php(309): CController->invalidActionParams(Object(CInlineAction))
#1 /var/www/html/framework/web/CController.php(286): CController->runAction(Object(CInlineAction))
#2 /var/www/html/framework/web/CController.php(265): CController->runActionWithFilters(Object(CInlineAction), Array)
#3 /var/www/html/framework/web/CWebApplication.php(282): CController->run('diary')
#4 /var/www/html/framework/web/CWebApplication.php(141): CWebApplication->runController('site/diary')
#5 /var/www/html/framework/base/CApplication.php(185): CWebApplication->processRequest()
#6 /var/www/html/index.php(13): CApplication->run()
#7 {main}
REQUEST_URI=/index.php?r=site/diary
---
2023/05/27 08:41:56 [error] [exception.CHttpException.400] CHttpException: Your request is invalid. in /var/www/html/framework/web/CController.php:337
Stack trace:
#0 /var/www/html/framework/web/CController.php(309): CController->invalidActionParams(Object(CInlineAction))
#1 /var/www/html/framework/web/CController.php(286): CController->runAction(Object(CInlineAction))
#2 /var/www/html/framework/web/CController.php(265): CController->runActionWithFilters(Object(CInlineAction), Array)
#3 /var/www/html/framework/web/CWebApplication.php(282): CController->run('diary')
#4 /var/www/html/framework/web/CWebApplication.php(141): CWebApplication->runController('site/diary/2')
#5 /var/www/html/framework/base/CApplication.php(185): CWebApplication->processRequest()
#6 /var/www/html/index.php(13): CApplication->run()
#7 {main}
REQUEST_URI=/index.php?r=site/diary/2
---
2023/05/27 08:42:20 [error] [exception.CHttpException.404] CHttpException: The system is unable to find the requested action "diary?id=1". in /var/www/html/framework/web/CController.php:486
Stack trace:
#0 /var/www/html/framework/web/CController.php(270): CController->missingAction('diary?id=1')
#1 /var/www/html/framework/web/CWebApplication.php(282): CController->run('diary?id=1')
#2 /var/www/html/framework/web/CWebApplication.php(141): CWebApplication->runController('site/diary?id=1')
#3 /var/www/html/framework/base/CApplication.php(185): CWebApplication->processRequest()
#4 /var/www/html/index.php(13): CApplication->run()
#5 {main}
REQUEST_URI=/index.php?r=site/diary?id=1
---
2023/05/27 08:42:21 [error] [exception.CHttpException.404] CHttpException: The system is unable to find the requested action "diary?id=1". in /var/www/html/framework/web/CController.php:486
Stack trace:
#0 /var/www/html/framework/web/CController.php(270): CController->missingAction('diary?id=1')
#1 /var/www/html/framework/web/CWebApplication.php(282): CController->run('diary?id=1')
#2 /var/www/html/framework/web/CWebApplication.php(141): CWebApplication->runController('site/diary?id=1')
#3 /var/www/html/framework/base/CApplication.php(185): CWebApplication->processRequest()
#4 /var/www/html/index.php(13): CApplication->run()
#5 {main}
REQUEST_URI=/index.php?r=site/diary?id=1
---
2023/05/27 08:42:31 [error] [exception.CHttpException.404] CHttpException: The system is unable to find the requested action "diary?id=1". in /var/www/html/framework/web/CController.php:486
Stack trace:
#0 /var/www/html/framework/web/CController.php(270): CController->missingAction('diary?id=1')
#1 /var/www/html/framework/web/CWebApplication.php(282): CController->run('diary?id=1')
#2 /var/www/html/framework/web/CWebApplication.php(141): CWebApplication->runController('site/diary?id=1')
#3 /var/www/html/framework/base/CApplication.php(185): CWebApplication->processRequest()
#4 /var/www/html/index.php(13): CApplication->run()
#5 {main}
REQUEST_URI=/index.php?r=site/diary?id=1
---
2023/05/27 08:42:32 [error] [exception.CHttpException.404] CHttpException: The system is unable to find the requested action "diary?id=1". in /var/www/html/framework/web/CController.php:486
Stack trace:
#0 /var/www/html/framework/web/CController.php(270): CController->missingAction('diary?id=1')
#1 /var/www/html/framework/web/CWebApplication.php(282): CController->run('diary?id=1')
#2 /var/www/html/framework/web/CWebApplication.php(141): CWebApplication->runController('site/diary?id=1')
#3 /var/www/html/framework/base/CApplication.php(185): CWebApplication->processRequest()
#4 /var/www/html/index.php(13): CApplication->run()
#5 {main}
REQUEST_URI=/index.php?r=site/diary?id=1
---
2023/05/27 08:44:19 [error] [php] Invalid argument supplied for foreach() (/var/www/html/protected/views/site/index.php:10)
Stack trace:
#0 /var/www/html/framework/web/CController.php(872): SiteController->renderFile()
#1 /var/www/html/framework/web/CController.php(785): SiteController->renderPartial()
#2 /var/www/html/protected/controllers/SiteController.php(27): SiteController->render()
#3 /var/www/html/framework/web/actions/CInlineAction.php(49): SiteController->actionDiary()
#4 /var/www/html/framework/web/CController.php(308): CInlineAction->runWithParams()
#5 /var/www/html/framework/web/CController.php(286): SiteController->runAction()
#6 /var/www/html/framework/web/CController.php(265): SiteController->runActionWithFilters()
#7 /var/www/html/framework/web/CWebApplication.php(282): SiteController->run()
#8 /var/www/html/framework/web/CWebApplication.php(141): CWebApplication->runController()
#9 /var/www/html/framework/base/CApplication.php(185): CWebApplication->processRequest()
#10 /var/www/html/index.php(13): CWebApplication->run()
REQUEST_URI=/index.php?r=site/diary/2
in /var/www/html/protected/views/site/index.php (10)
in /var/www/html/protected/controllers/SiteController.php (27)
in /var/www/html/index.php (13)
2023/05/27 08:44:20 [error] [php] Invalid argument supplied for foreach() (/var/www/html/protected/views/site/index.php:10)
Stack trace:
#0 /var/www/html/framework/web/CController.php(872): SiteController->renderFile()
#1 /var/www/html/framework/web/CController.php(785): SiteController->renderPartial()
#2 /var/www/html/protected/controllers/SiteController.php(27): SiteController->render()
#3 /var/www/html/framework/web/actions/CInlineAction.php(49): SiteController->actionDiary()
#4 /var/www/html/framework/web/CController.php(308): CInlineAction->runWithParams()
#5 /var/www/html/framework/web/CController.php(286): SiteController->runAction()
#6 /var/www/html/framework/web/CController.php(265): SiteController->runActionWithFilters()
#7 /var/www/html/framework/web/CWebApplication.php(282): SiteController->run()
#8 /var/www/html/framework/web/CWebApplication.php(141): CWebApplication->runController()
#9 /var/www/html/framework/base/CApplication.php(185): CWebApplication->processRequest()
#10 /var/www/html/index.php(13): CWebApplication->run()
REQUEST_URI=/index.php?r=site/diary/2
in /var/www/html/protected/views/site/index.php (10)
in /var/www/html/protected/controllers/SiteController.php (27)
in /var/www/html/index.php (13)
2023/05/27 08:44:21 [error] [php] Invalid argument supplied for foreach() (/var/www/html/protected/views/site/index.php:10)
Stack trace:
#0 /var/www/html/framework/web/CController.php(872): SiteController->renderFile()
#1 /var/www/html/framework/web/CController.php(785): SiteController->renderPartial()
#2 /var/www/html/protected/controllers/SiteController.php(27): SiteController->render()
#3 /var/www/html/framework/web/actions/CInlineAction.php(49): SiteController->actionDiary()
#4 /var/www/html/framework/web/CController.php(308): CInlineAction->runWithParams()
#5 /var/www/html/framework/web/CController.php(286): SiteController->runAction()
#6 /var/www/html/framework/web/CController.php(265): SiteController->runActionWithFilters()
#7 /var/www/html/framework/web/CWebApplication.php(282): SiteController->run()
#8 /var/www/html/framework/web/CWebApplication.php(141): CWebApplication->runController()
#9 /var/www/html/framework/base/CApplication.php(185): CWebApplication->processRequest()
#10 /var/www/html/index.php(13): CWebApplication->run()
REQUEST_URI=/index.php?r=site/diary
in /var/www/html/protected/views/site/index.php (10)
in /var/www/html/protected/controllers/SiteController.php (27)
in /var/www/html/index.php (13)
2023/05/27 08:44:23 [error] [php] Invalid argument supplied for foreach() (/var/www/html/protected/views/site/index.php:10)
Stack trace:
#0 /var/www/html/framework/web/CController.php(872): SiteController->renderFile()
#1 /var/www/html/framework/web/CController.php(785): SiteController->renderPartial()
#2 /var/www/html/protected/controllers/SiteController.php(27): SiteController->render()
#3 /var/www/html/framework/web/actions/CInlineAction.php(49): SiteController->actionDiary()
#4 /var/www/html/framework/web/CController.php(308): CInlineAction->runWithParams()
#5 /var/www/html/framework/web/CController.php(286): SiteController->runAction()
#6 /var/www/html/framework/web/CController.php(265): SiteController->runActionWithFilters()
#7 /var/www/html/framework/web/CWebApplication.php(282): SiteController->run()
#8 /var/www/html/framework/web/CWebApplication.php(141): CWebApplication->runController()
#9 /var/www/html/framework/base/CApplication.php(185): CWebApplication->processRequest()
#10 /var/www/html/index.php(13): CWebApplication->run()
REQUEST_URI=/index.php?r=site/diary
in /var/www/html/protected/views/site/index.php (10)
in /var/www/html/protected/controllers/SiteController.php (27)
in /var/www/html/index.php (13)
2023/05/27 08:44:33 [error] [exception.CHttpException.404] CHttpException: The system is unable to find the requested action "diary?id=1". in /var/www/html/framework/web/CController.php:486
Stack trace:
#0 /var/www/html/framework/web/CController.php(270): CController->missingAction('diary?id=1')
#1 /var/www/html/framework/web/CWebApplication.php(282): CController->run('diary?id=1')
#2 /var/www/html/framework/web/CWebApplication.php(141): CWebApplication->runController('site/diary?id=1')
#3 /var/www/html/framework/base/CApplication.php(185): CWebApplication->processRequest()
#4 /var/www/html/index.php(13): CApplication->run()
#5 {main}
REQUEST_URI=/index.php?r=site/diary?id=1
---
2023/05/27 08:44:35 [error] [exception.CHttpException.404] CHttpException: The system is unable to find the requested action "diary?id=1". in /var/www/html/framework/web/CController.php:486
Stack trace:
#0 /var/www/html/framework/web/CController.php(270): CController->missingAction('diary?id=1')
#1 /var/www/html/framework/web/CWebApplication.php(282): CController->run('diary?id=1')
#2 /var/www/html/framework/web/CWebApplication.php(141): CWebApplication->runController('site/diary?id=1')
#3 /var/www/html/framework/base/CApplication.php(185): CWebApplication->processRequest()
#4 /var/www/html/index.php(13): CApplication->run()
#5 {main}
REQUEST_URI=/index.php?r=site/diary?id=1
---
2023/05/27 08:46:12 [error] [exception.CException] CException: Property "CDbCriteria.diary_id" is not defined. in /var/www/html/framework/base/CComponent.php:173
Stack trace:
#0 /var/www/html/framework/db/schema/CDbCriteria.php(160): CComponent->__set('diary_id', '1')
#1 /var/www/html/framework/db/schema/CDbCommandBuilder.php(588): CDbCriteria->__construct(Array)
#2 /var/www/html/framework/db/ar/CActiveRecord.php(1463): CDbCommandBuilder->createCriteria(Array, Array)
#3 /var/www/html/protected/controllers/SiteController.php(27): CActiveRecord->find(Array)
#4 /var/www/html/framework/web/actions/CInlineAction.php(49): SiteController->actionDiary()
#5 /var/www/html/framework/web/CController.php(308): CInlineAction->runWithParams(Array)
#6 /var/www/html/framework/web/CController.php(286): CController->runAction(Object(CInlineAction))
#7 /var/www/html/framework/web/CController.php(265): CController->runActionWithFilters(Object(CInlineAction), Array)
#8 /var/www/html/framework/web/CWebApplication.php(282): CController->run('diary')
#9 /var/www/html/framework/web/CWebApplication.php(141): CWebApplication->runController('site/diary')
#10 /var/www/html/framework/base/CApplication.php(185): CWebApplication->processRequest()
#11 /var/www/html/index.php(13): CApplication->run()
#12 {main}
REQUEST_URI=/index.php?r=site/diary&id=1
---
2023/05/27 08:46:23 [error] [php] Invalid argument supplied for foreach() (/var/www/html/protected/views/site/diary.php:13)
Stack trace:
#0 /var/www/html/framework/web/CController.php(872): SiteController->renderFile()
#1 /var/www/html/framework/web/CController.php(785): SiteController->renderPartial()
#2 /var/www/html/protected/controllers/SiteController.php(30): SiteController->render()
#3 /var/www/html/framework/web/actions/CInlineAction.php(49): SiteController->actionDiary()
#4 /var/www/html/framework/web/CController.php(308): CInlineAction->runWithParams()
#5 /var/www/html/framework/web/CController.php(286): SiteController->runAction()
#6 /var/www/html/framework/web/CController.php(265): SiteController->runActionWithFilters()
#7 /var/www/html/framework/web/CWebApplication.php(282): SiteController->run()
#8 /var/www/html/framework/web/CWebApplication.php(141): CWebApplication->runController()
#9 /var/www/html/framework/base/CApplication.php(185): CWebApplication->processRequest()
#10 /var/www/html/index.php(13): CWebApplication->run()
REQUEST_URI=/index.php?r=site/diary&id=1
in /var/www/html/protected/views/site/diary.php (13)
in /var/www/html/protected/controllers/SiteController.php (30)
in /var/www/html/index.php (13)
2023/05/27 08:48:10 [error] [exception.CException] CException: Property "Posts.0" is not defined. in /var/www/html/framework/base/CComponent.php:130
Stack trace:
#0 /var/www/html/framework/db/ar/CActiveRecord.php(145): CComponent->__get('0')
#1 /var/www/html/framework/base/CModel.php(596): CActiveRecord->__get('0')
#2 /var/www/html/protected/views/site/diary.php(4): CModel->offsetGet(0)
#3 /var/www/html/framework/web/CBaseController.php(126): require('/var/www/html/p...')
#4 /var/www/html/framework/web/CBaseController.php(95): CBaseController->renderInternal('/var/www/html/p...', Array, true)
#5 /var/www/html/framework/web/CController.php(872): CBaseController->renderFile('/var/www/html/p...', Array, true)
#6 /var/www/html/framework/web/CController.php(785): CController->renderPartial('diary', Array, true)
#7 /var/www/html/protected/controllers/SiteController.php(30): CController->render('diary', Array)
#8 /var/www/html/framework/web/actions/CInlineAction.php(49): SiteController->actionDiary()
#9 /var/www/html/framework/web/CController.php(308): CInlineAction->runWithParams(Array)
#10 /var/www/html/framework/web/CController.php(286): CController->runAction(Object(CInlineAction))
#11 /var/www/html/framework/web/CController.php(265): CController->runActionWithFilters(Object(CInlineAction), Array)
#12 /var/www/html/framework/web/CWebApplication.php(282): CController->run('diary')
#13 /var/www/html/framework/web/CWebApplication.php(141): CWebApplication->runController('site/diary')
#14 /var/www/html/framework/base/CApplication.php(185): CWebApplication->processRequest()
#15 /var/www/html/index.php(13): CApplication->run()
#16 {main}
REQUEST_URI=/index.php?r=site/diary&id=1
---
2023/05/27 08:49:53 [error] [php] Invalid argument supplied for foreach() (/var/www/html/protected/views/site/index.php:10)
Stack trace:
#0 /var/www/html/framework/web/CController.php(872): SiteController->renderFile()
#1 /var/www/html/framework/web/CController.php(785): SiteController->renderPartial()
#2 /var/www/html/protected/controllers/SiteController.php(27): SiteController->render()
#3 /var/www/html/framework/web/actions/CInlineAction.php(49): SiteController->actionDiary()
#4 /var/www/html/framework/web/CController.php(308): CInlineAction->runWithParams()
#5 /var/www/html/framework/web/CController.php(286): SiteController->runAction()
#6 /var/www/html/framework/web/CController.php(265): SiteController->runActionWithFilters()
#7 /var/www/html/framework/web/CWebApplication.php(282): SiteController->run()
#8 /var/www/html/framework/web/CWebApplication.php(141): CWebApplication->runController()
#9 /var/www/html/framework/base/CApplication.php(185): CWebApplication->processRequest()
#10 /var/www/html/index.php(13): CWebApplication->run()
REQUEST_URI=/index.php?r=site/diary&id=1
in /var/www/html/protected/views/site/index.php (10)
in /var/www/html/protected/controllers/SiteController.php (27)
in /var/www/html/index.php (13)
2023/05/27 08:50:02 [error] [php] include(diaries.php): failed to open stream: No such file or directory (/var/www/html/framework/YiiBase.php:463)
Stack trace:
#0 /var/www/html/framework/db/ar/CActiveRecord.php(397): spl_autoload_call()
#1 /var/www/html/framework/db/ar/CActiveFinder.php(182): model()
#2 /var/www/html/framework/db/ar/CActiveFinder.php(231): CActiveFinder->getModel()
#3 /var/www/html/framework/db/ar/CActiveFinder.php(48): CActiveFinder->buildJoinTree()
#4 /var/www/html/framework/db/ar/CActiveRecord.php(915): CActiveFinder->__construct()
#5 /var/www/html/framework/db/ar/CActiveRecord.php(282): Posts->getActiveFinder()
#6 /var/www/html/framework/db/ar/CActiveRecord.php(143): Posts->getRelated()
#7 /var/www/html/protected/views/site/diary.php(4): Posts->__get()
#8 /var/www/html/framework/web/CBaseController.php(126): require()
#9 /var/www/html/framework/web/CBaseController.php(95): SiteController->renderInternal()
#10 /var/www/html/framework/web/CController.php(872): SiteController->renderFile()
#11 /var/www/html/framework/web/CController.php(785): SiteController->renderPartial()
#12 /var/www/html/protected/controllers/SiteController.php(27): SiteController->render()
#13 /var/www/html/framework/web/actions/CInlineAction.php(49): SiteController->actionDiary()
#14 /var/www/html/framework/web/CController.php(308): CInlineAction->runWithParams()
#15 /var/www/html/framework/web/CController.php(286): SiteController->runAction()
#16 /var/www/html/framework/web/CController.php(265): SiteController->runActionWithFilters()
#17 /var/www/html/framework/web/CWebApplication.php(282): SiteController->run()
#18 /var/www/html/framework/web/CWebApplication.php(141): CWebApplication->runController()
#19 /var/www/html/framework/base/CApplication.php(185): CWebApplication->processRequest()
#20 /var/www/html/index.php(13): CWebApplication->run()
REQUEST_URI=/index.php?r=site/diary&id=1
in /var/www/html/protected/views/site/diary.php (4)
in /var/www/html/protected/controllers/SiteController.php (27)
in /var/www/html/index.php (13)
2023/05/27 08:50:15 [error] [exception.CException] CException: SiteController cannot find the requested view "site/diary". in /var/www/html/framework/web/CController.php:881
Stack trace:
#0 /var/www/html/framework/web/CController.php(785): CController->renderPartial('site/diary', Array, true)
#1 /var/www/html/protected/controllers/SiteController.php(27): CController->render('site/diary', Array)
#2 /var/www/html/framework/web/actions/CInlineAction.php(49): SiteController->actionDiary()
#3 /var/www/html/framework/web/CController.php(308): CInlineAction->runWithParams(Array)
#4 /var/www/html/framework/web/CController.php(286): CController->runAction(Object(CInlineAction))
#5 /var/www/html/framework/web/CController.php(265): CController->runActionWithFilters(Object(CInlineAction), Array)
#6 /var/www/html/framework/web/CWebApplication.php(282): CController->run('diary')
#7 /var/www/html/framework/web/CWebApplication.php(141): CWebApplication->runController('site/diary')
#8 /var/www/html/framework/base/CApplication.php(185): CWebApplication->processRequest()
#9 /var/www/html/index.php(13): CApplication->run()
#10 {main}
REQUEST_URI=/index.php?r=site/diary&id=1
---
2023/05/27 08:50:20 [error] [php] include(diaries.php): failed to open stream: No such file or directory (/var/www/html/framework/YiiBase.php:463)
Stack trace:
#0 /var/www/html/framework/db/ar/CActiveRecord.php(397): spl_autoload_call()
#1 /var/www/html/framework/db/ar/CActiveFinder.php(182): model()
#2 /var/www/html/framework/db/ar/CActiveFinder.php(231): CActiveFinder->getModel()
#3 /var/www/html/framework/db/ar/CActiveFinder.php(48): CActiveFinder->buildJoinTree()
#4 /var/www/html/framework/db/ar/CActiveRecord.php(915): CActiveFinder->__construct()
#5 /var/www/html/framework/db/ar/CActiveRecord.php(282): Posts->getActiveFinder()
#6 /var/www/html/framework/db/ar/CActiveRecord.php(143): Posts->getRelated()
#7 /var/www/html/protected/views/site/diary.php(4): Posts->__get()
#8 /var/www/html/framework/web/CBaseController.php(126): require()
#9 /var/www/html/framework/web/CBaseController.php(95): SiteController->renderInternal()
#10 /var/www/html/framework/web/CController.php(872): SiteController->renderFile()
#11 /var/www/html/framework/web/CController.php(785): SiteController->renderPartial()
#12 /var/www/html/protected/controllers/SiteController.php(27): SiteController->render()
#13 /var/www/html/framework/web/actions/CInlineAction.php(49): SiteController->actionDiary()
#14 /var/www/html/framework/web/CController.php(308): CInlineAction->runWithParams()
#15 /var/www/html/framework/web/CController.php(286): SiteController->runAction()
#16 /var/www/html/framework/web/CController.php(265): SiteController->runActionWithFilters()
#17 /var/www/html/framework/web/CWebApplication.php(282): SiteController->run()
#18 /var/www/html/framework/web/CWebApplication.php(141): CWebApplication->runController()
#19 /var/www/html/framework/base/CApplication.php(185): CWebApplication->processRequest()
#20 /var/www/html/index.php(13): CWebApplication->run()
REQUEST_URI=/index.php?r=site/diary&id=1
in /var/www/html/protected/views/site/diary.php (4)
in /var/www/html/protected/controllers/SiteController.php (27)
in /var/www/html/index.php (13)
2023/05/27 08:50:49 [error] [php] include(diaries.php): failed to open stream: No such file or directory (/var/www/html/framework/YiiBase.php:463)
Stack trace:
#0 /var/www/html/framework/db/ar/CActiveRecord.php(397): spl_autoload_call()
#1 /var/www/html/framework/db/ar/CActiveFinder.php(182): model()
#2 /var/www/html/framework/db/ar/CActiveFinder.php(231): CActiveFinder->getModel()
#3 /var/www/html/framework/db/ar/CActiveFinder.php(48): CActiveFinder->buildJoinTree()
#4 /var/www/html/framework/db/ar/CActiveRecord.php(915): CActiveFinder->__construct()
#5 /var/www/html/framework/db/ar/CActiveRecord.php(282): Posts->getActiveFinder()
#6 /var/www/html/framework/db/ar/CActiveRecord.php(143): Posts->getRelated()
#7 /var/www/html/protected/views/site/diary.php(6): Posts->__get()
#8 /var/www/html/framework/web/CBaseController.php(126): require()
#9 /var/www/html/framework/web/CBaseController.php(95): SiteController->renderInternal()
#10 /var/www/html/framework/web/CController.php(872): SiteController->renderFile()
#11 /var/www/html/framework/web/CController.php(785): SiteController->renderPartial()
#12 /var/www/html/protected/controllers/SiteController.php(27): SiteController->render()
#13 /var/www/html/framework/web/actions/CInlineAction.php(49): SiteController->actionDiary()
#14 /var/www/html/framework/web/CController.php(308): CInlineAction->runWithParams()
#15 /var/www/html/framework/web/CController.php(286): SiteController->runAction()
#16 /var/www/html/framework/web/CController.php(265): SiteController->runActionWithFilters()
#17 /var/www/html/framework/web/CWebApplication.php(282): SiteController->run()
#18 /var/www/html/framework/web/CWebApplication.php(141): CWebApplication->runController()
#19 /var/www/html/framework/base/CApplication.php(185): CWebApplication->processRequest()
#20 /var/www/html/index.php(13): CWebApplication->run()
REQUEST_URI=/index.php?r=site/diary&id=1
in /var/www/html/protected/views/site/diary.php (6)
in /var/www/html/protected/controllers/SiteController.php (27)
in /var/www/html/index.php (13)
2023/05/27 08:50:58 [error] [php] include(diaries.php): failed to open stream: No such file or directory (/var/www/html/framework/YiiBase.php:463)
Stack trace:
#0 /var/www/html/framework/db/ar/CActiveRecord.php(397): spl_autoload_call()
#1 /var/www/html/framework/db/ar/CActiveFinder.php(182): model()
#2 /var/www/html/framework/db/ar/CActiveFinder.php(231): CActiveFinder->getModel()
#3 /var/www/html/framework/db/ar/CActiveFinder.php(48): CActiveFinder->buildJoinTree()
#4 /var/www/html/framework/db/ar/CActiveRecord.php(915): CActiveFinder->__construct()
#5 /var/www/html/framework/db/ar/CActiveRecord.php(282): Posts->getActiveFinder()
#6 /var/www/html/framework/db/ar/CActiveRecord.php(143): Posts->getRelated()
#7 /var/www/html/protected/views/site/diary.php(6): Posts->__get()
#8 /var/www/html/framework/web/CBaseController.php(126): require()
#9 /var/www/html/framework/web/CBaseController.php(95): SiteController->renderInternal()
#10 /var/www/html/framework/web/CController.php(872): SiteController->renderFile()
#11 /var/www/html/framework/web/CController.php(785): SiteController->renderPartial()
#12 /var/www/html/protected/controllers/SiteController.php(27): SiteController->render()
#13 /var/www/html/framework/web/actions/CInlineAction.php(49): SiteController->actionDiary()
#14 /var/www/html/framework/web/CController.php(308): CInlineAction->runWithParams()
#15 /var/www/html/framework/web/CController.php(286): SiteController->runAction()
#16 /var/www/html/framework/web/CController.php(265): SiteController->runActionWithFilters()
#17 /var/www/html/framework/web/CWebApplication.php(282): SiteController->run()
#18 /var/www/html/framework/web/CWebApplication.php(141): CWebApplication->runController()
#19 /var/www/html/framework/base/CApplication.php(185): CWebApplication->processRequest()
#20 /var/www/html/index.php(13): CWebApplication->run()
REQUEST_URI=/index.php?r=site/diary&id=1
in /var/www/html/protected/views/site/diary.php (6)
in /var/www/html/protected/controllers/SiteController.php (27)
in /var/www/html/index.php (13)
2023/05/27 08:51:03 [error] [exception.CException] CException: SiteController cannot find the requested view "Diary". in /var/www/html/framework/web/CController.php:881
Stack trace:
#0 /var/www/html/framework/web/CController.php(785): CController->renderPartial('Diary', Array, true)
#1 /var/www/html/protected/controllers/SiteController.php(27): CController->render('Diary', Array)
#2 /var/www/html/framework/web/actions/CInlineAction.php(49): SiteController->actionDiary()
#3 /var/www/html/framework/web/CController.php(308): CInlineAction->runWithParams(Array)
#4 /var/www/html/framework/web/CController.php(286): CController->runAction(Object(CInlineAction))
#5 /var/www/html/framework/web/CController.php(265): CController->runActionWithFilters(Object(CInlineAction), Array)
#6 /var/www/html/framework/web/CWebApplication.php(282): CController->run('diary')
#7 /var/www/html/framework/web/CWebApplication.php(141): CWebApplication->runController('site/diary')
#8 /var/www/html/framework/base/CApplication.php(185): CWebApplication->processRequest()
#9 /var/www/html/index.php(13): CApplication->run()
#10 {main}
REQUEST_URI=/index.php?r=site/diary&id=1
---
2023/05/27 08:51:18 [error] [php] include(diaries.php): failed to open stream: No such file or directory (/var/www/html/framework/YiiBase.php:463)
Stack trace:
#0 /var/www/html/framework/db/ar/CActiveRecord.php(397): spl_autoload_call()
#1 /var/www/html/framework/db/ar/CActiveFinder.php(182): model()
#2 /var/www/html/framework/db/ar/CActiveFinder.php(231): CActiveFinder->getModel()
#3 /var/www/html/framework/db/ar/CActiveFinder.php(48): CActiveFinder->buildJoinTree()
#4 /var/www/html/framework/db/ar/CActiveRecord.php(915): CActiveFinder->__construct()
#5 /var/www/html/framework/db/ar/CActiveRecord.php(282): Posts->getActiveFinder()
#6 /var/www/html/framework/db/ar/CActiveRecord.php(143): Posts->getRelated()
#7 /var/www/html/protected/views/site/diary.php(6): Posts->__get()
#8 /var/www/html/framework/web/CBaseController.php(126): require()
#9 /var/www/html/framework/web/CBaseController.php(95): SiteController->renderInternal()
#10 /var/www/html/framework/web/CController.php(872): SiteController->renderFile()
#11 /var/www/html/framework/web/CController.php(785): SiteController->renderPartial()
#12 /var/www/html/protected/controllers/SiteController.php(27): SiteController->render()
#13 /var/www/html/framework/web/actions/CInlineAction.php(49): SiteController->actionDiary()
#14 /var/www/html/framework/web/CController.php(308): CInlineAction->runWithParams()
#15 /var/www/html/framework/web/CController.php(286): SiteController->runAction()
#16 /var/www/html/framework/web/CController.php(265): SiteController->runActionWithFilters()
#17 /var/www/html/framework/web/CWebApplication.php(282): SiteController->run()
#18 /var/www/html/framework/web/CWebApplication.php(141): CWebApplication->runController()
#19 /var/www/html/framework/base/CApplication.php(185): CWebApplication->processRequest()
#20 /var/www/html/index.php(13): CWebApplication->run()
REQUEST_URI=/index.php?r=site/diary&id=1
in /var/www/html/protected/views/site/diary.php (6)
in /var/www/html/protected/controllers/SiteController.php (27)
in /var/www/html/index.php (13)
2023/05/27 08:51:50 [error] [php] include(diaries.php): failed to open stream: No such file or directory (/var/www/html/framework/YiiBase.php:463)
Stack trace:
#0 /var/www/html/framework/db/ar/CActiveRecord.php(397): spl_autoload_call()
#1 /var/www/html/framework/db/ar/CActiveFinder.php(182): model()
#2 /var/www/html/framework/db/ar/CActiveFinder.php(231): CActiveFinder->getModel()
#3 /var/www/html/framework/db/ar/CActiveFinder.php(48): CActiveFinder->buildJoinTree()
#4 /var/www/html/framework/db/ar/CActiveRecord.php(915): CActiveFinder->__construct()
#5 /var/www/html/framework/db/ar/CActiveRecord.php(282): Posts->getActiveFinder()
#6 /var/www/html/framework/db/ar/CActiveRecord.php(143): Posts->getRelated()
#7 /var/www/html/protected/views/site/diary.php(6): Posts->__get()
#8 /var/www/html/framework/web/CBaseController.php(126): require()
#9 /var/www/html/framework/web/CBaseController.php(95): SiteController->renderInternal()
#10 /var/www/html/framework/web/CController.php(872): SiteController->renderFile()
#11 /var/www/html/framework/web/CController.php(785): SiteController->renderPartial()
#12 /var/www/html/protected/controllers/SiteController.php(27): SiteController->render()
#13 /var/www/html/framework/web/actions/CInlineAction.php(49): SiteController->actionDiary()
#14 /var/www/html/framework/web/CController.php(308): CInlineAction->runWithParams()
#15 /var/www/html/framework/web/CController.php(286): SiteController->runAction()
#16 /var/www/html/framework/web/CController.php(265): SiteController->runActionWithFilters()
#17 /var/www/html/framework/web/CWebApplication.php(282): SiteController->run()
#18 /var/www/html/framework/web/CWebApplication.php(141): CWebApplication->runController()
#19 /var/www/html/framework/base/CApplication.php(185): CWebApplication->processRequest()
#20 /var/www/html/index.php(13): CWebApplication->run()
REQUEST_URI=/index.php?r=site/diary&id=1
in /var/www/html/protected/views/site/diary.php (6)
in /var/www/html/protected/controllers/SiteController.php (27)
in /var/www/html/index.php (13)
2023/05/27 08:52:07 [error] [exception.CException] CException: Property "Posts.diary" is not defined. in /var/www/html/framework/base/CComponent.php:130
Stack trace:
#0 /var/www/html/framework/db/ar/CActiveRecord.php(145): CComponent->__get('diary')
#1 /var/www/html/protected/views/site/diary.php(6): CActiveRecord->__get('diary')
#2 /var/www/html/framework/web/CBaseController.php(126): require('/var/www/html/p...')
#3 /var/www/html/framework/web/CBaseController.php(95): CBaseController->renderInternal('/var/www/html/p...', Array, true)
#4 /var/www/html/framework/web/CController.php(872): CBaseController->renderFile('/var/www/html/p...', Array, true)
#5 /var/www/html/framework/web/CController.php(785): CController->renderPartial('diary', Array, true)
#6 /var/www/html/protected/controllers/SiteController.php(27): CController->render('diary', Array)
#7 /var/www/html/framework/web/actions/CInlineAction.php(49): SiteController->actionDiary()
#8 /var/www/html/framework/web/CController.php(308): CInlineAction->runWithParams(Array)
#9 /var/www/html/framework/web/CController.php(286): CController->runAction(Object(CInlineAction))
#10 /var/www/html/framework/web/CController.php(265): CController->runActionWithFilters(Object(CInlineAction), Array)
#11 /var/www/html/framework/web/CWebApplication.php(282): CController->run('diary')
#12 /var/www/html/framework/web/CWebApplication.php(141): CWebApplication->runController('site/diary')
#13 /var/www/html/framework/base/CApplication.php(185): CWebApplication->processRequest()
#14 /var/www/html/index.php(13): CApplication->run()
#15 {main}
REQUEST_URI=/index.php?r=site/diary&id=1
---
2023/05/27 08:52:19 [error] [php] include(diaries.php): failed to open stream: No such file or directory (/var/www/html/framework/YiiBase.php:463)
Stack trace:
#0 /var/www/html/framework/db/ar/CActiveRecord.php(397): spl_autoload_call()
#1 /var/www/html/framework/db/ar/CActiveFinder.php(182): model()
#2 /var/www/html/framework/db/ar/CActiveFinder.php(231): CActiveFinder->getModel()
#3 /var/www/html/framework/db/ar/CActiveFinder.php(48): CActiveFinder->buildJoinTree()
#4 /var/www/html/framework/db/ar/CActiveRecord.php(915): CActiveFinder->__construct()
#5 /var/www/html/framework/db/ar/CActiveRecord.php(282): Posts->getActiveFinder()
#6 /var/www/html/framework/db/ar/CActiveRecord.php(143): Posts->getRelated()
#7 /var/www/html/protected/views/site/diary.php(6): Posts->__get()
#8 /var/www/html/framework/web/CBaseController.php(126): require()
#9 /var/www/html/framework/web/CBaseController.php(95): SiteController->renderInternal()
#10 /var/www/html/framework/web/CController.php(872): SiteController->renderFile()
#11 /var/www/html/framework/web/CController.php(785): SiteController->renderPartial()
#12 /var/www/html/protected/controllers/SiteController.php(27): SiteController->render()
#13 /var/www/html/framework/web/actions/CInlineAction.php(49): SiteController->actionDiary()
#14 /var/www/html/framework/web/CController.php(308): CInlineAction->runWithParams()
#15 /var/www/html/framework/web/CController.php(286): SiteController->runAction()
#16 /var/www/html/framework/web/CController.php(265): SiteController->runActionWithFilters()
#17 /var/www/html/framework/web/CWebApplication.php(282): SiteController->run()
#18 /var/www/html/framework/web/CWebApplication.php(141): CWebApplication->runController()
#19 /var/www/html/framework/base/CApplication.php(185): CWebApplication->processRequest()
#20 /var/www/html/index.php(13): CWebApplication->run()
REQUEST_URI=/index.php?r=site/diary&id=1
in /var/www/html/protected/views/site/diary.php (6)
in /var/www/html/protected/controllers/SiteController.php (27)
in /var/www/html/index.php (13)
2023/05/27 08:52:38 [error] [system.db.CDbCommand] CDbCommand::fetchAll() failed: SQLSTATE[42S22]: Column not found: 1054 Unknown column 'Diaries.diary_id' in 'where clause'. The SQL statement executed was: SELECT `Diaries`.`id` AS `t1_c0`, `Diaries`.`name` AS `t1_c1`, `Diaries`.`description` AS `t1_c2`, `Diaries`.`user_id` AS `t1_c3` FROM `diaries` `Diaries`  WHERE (`Diaries`.`diary_id`=:ypl0).
in /var/www/html/protected/views/site/diary.php (6)
in /var/www/html/protected/controllers/SiteController.php (27)
in /var/www/html/index.php (13)
2023/05/27 08:52:38 [error] [exception.CDbException] CDbException: CDbCommand failed to execute the SQL statement: SQLSTATE[42S22]: Column not found: 1054 Unknown column 'Diaries.diary_id' in 'where clause'. The SQL statement executed was: SELECT `Diaries`.`id` AS `t1_c0`, `Diaries`.`name` AS `t1_c1`, `Diaries`.`description` AS `t1_c2`, `Diaries`.`user_id` AS `t1_c3` FROM `diaries` `Diaries`  WHERE (`Diaries`.`diary_id`=:ypl0) in /var/www/html/framework/db/CDbCommand.php:543
Stack trace:
#0 /var/www/html/framework/db/CDbCommand.php(396): CDbCommand->queryInternal('fetchAll', Array, Array)
#1 /var/www/html/framework/db/ar/CActiveFinder.php(810): CDbCommand->queryAll()
#2 /var/www/html/framework/db/ar/CActiveFinder.php(510): CJoinElement->runQuery(Object(CJoinQuery))
#3 /var/www/html/framework/db/ar/CActiveFinder.php(163): CJoinElement->lazyFind(Object(Posts))
#4 /var/www/html/framework/db/ar/CActiveRecord.php(283): CActiveFinder->lazyFind(Object(Posts))
#5 /var/www/html/framework/db/ar/CActiveRecord.php(143): CActiveRecord->getRelated('Diaries')
#6 /var/www/html/protected/views/site/diary.php(6): CActiveRecord->__get('Diaries')
#7 /var/www/html/framework/web/CBaseController.php(126): require('/var/www/html/p...')
#8 /var/www/html/framework/web/CBaseController.php(95): CBaseController->renderInternal('/var/www/html/p...', Array, true)
#9 /var/www/html/framework/web/CController.php(872): CBaseController->renderFile('/var/www/html/p...', Array, true)
#10 /var/www/html/framework/web/CController.php(785): CController->renderPartial('diary', Array, true)
#11 /var/www/html/protected/controllers/SiteController.php(27): CController->render('diary', Array)
#12 /var/www/html/framework/web/actions/CInlineAction.php(49): SiteController->actionDiary()
#13 /var/www/html/framework/web/CController.php(308): CInlineAction->runWithParams(Array)
#14 /var/www/html/framework/web/CController.php(286): CController->runAction(Object(CInlineAction))
#15 /var/www/html/framework/web/CController.php(265): CController->runActionWithFilters(Object(CInlineAction), Array)
#16 /var/www/html/framework/web/CWebApplication.php(282): CController->run('diary')
#17 /var/www/html/framework/web/CWebApplication.php(141): CWebApplication->runController('site/diary')
#18 /var/www/html/framework/base/CApplication.php(185): CWebApplication->processRequest()
#19 /var/www/html/index.php(13): CApplication->run()
#20 {main}
REQUEST_URI=/index.php?r=site/diary&id=1
---
2023/05/27 08:52:57 [error] [php] include(Posts.php): failed to open stream: No such file or directory (/var/www/html/framework/YiiBase.php:463)
Stack trace:
#0 /var/www/html/protected/controllers/SiteController.php(26): spl_autoload_call()
#1 /var/www/html/framework/web/actions/CInlineAction.php(49): SiteController->actionDiary()
#2 /var/www/html/framework/web/CController.php(308): CInlineAction->runWithParams()
#3 /var/www/html/framework/web/CController.php(286): SiteController->runAction()
#4 /var/www/html/framework/web/CController.php(265): SiteController->runActionWithFilters()
#5 /var/www/html/framework/web/CWebApplication.php(282): SiteController->run()
#6 /var/www/html/framework/web/CWebApplication.php(141): CWebApplication->runController()
#7 /var/www/html/framework/base/CApplication.php(185): CWebApplication->processRequest()
#8 /var/www/html/index.php(13): CWebApplication->run()
REQUEST_URI=/index.php?r=site/diary&id=1
in /var/www/html/protected/controllers/SiteController.php (26)
in /var/www/html/index.php (13)
2023/05/27 08:53:07 [error] [php] include(Posts.php): failed to open stream: No such file or directory (/var/www/html/framework/YiiBase.php:463)
Stack trace:
#0 /var/www/html/protected/controllers/SiteController.php(26): spl_autoload_call()
#1 /var/www/html/framework/web/actions/CInlineAction.php(49): SiteController->actionDiary()
#2 /var/www/html/framework/web/CController.php(308): CInlineAction->runWithParams()
#3 /var/www/html/framework/web/CController.php(286): SiteController->runAction()
#4 /var/www/html/framework/web/CController.php(265): SiteController->runActionWithFilters()
#5 /var/www/html/framework/web/CWebApplication.php(282): SiteController->run()
#6 /var/www/html/framework/web/CWebApplication.php(141): CWebApplication->runController()
#7 /var/www/html/framework/base/CApplication.php(185): CWebApplication->processRequest()
#8 /var/www/html/index.php(13): CWebApplication->run()
REQUEST_URI=/index.php?r=site/diary&id=1
in /var/www/html/protected/controllers/SiteController.php (26)
in /var/www/html/index.php (13)
2023/05/27 08:53:26 [error] [php] include(Posts.php): failed to open stream: No such file or directory (/var/www/html/framework/YiiBase.php:463)
Stack trace:
#0 /var/www/html/protected/controllers/SiteController.php(26): spl_autoload_call()
#1 /var/www/html/framework/web/actions/CInlineAction.php(49): SiteController->actionDiary()
#2 /var/www/html/framework/web/CController.php(308): CInlineAction->runWithParams()
#3 /var/www/html/framework/web/CController.php(286): SiteController->runAction()
#4 /var/www/html/framework/web/CController.php(265): SiteController->runActionWithFilters()
#5 /var/www/html/framework/web/CWebApplication.php(282): SiteController->run()
#6 /var/www/html/framework/web/CWebApplication.php(141): CWebApplication->runController()
#7 /var/www/html/framework/base/CApplication.php(185): CWebApplication->processRequest()
#8 /var/www/html/index.php(13): CWebApplication->run()
REQUEST_URI=/index.php?r=site/diary&id=1
in /var/www/html/protected/controllers/SiteController.php (26)
in /var/www/html/index.php (13)
2023/05/27 08:53:27 [error] [php] include(Posts.php): failed to open stream: No such file or directory (/var/www/html/framework/YiiBase.php:463)
Stack trace:
#0 /var/www/html/protected/controllers/SiteController.php(26): spl_autoload_call()
#1 /var/www/html/framework/web/actions/CInlineAction.php(49): SiteController->actionDiary()
#2 /var/www/html/framework/web/CController.php(308): CInlineAction->runWithParams()
#3 /var/www/html/framework/web/CController.php(286): SiteController->runAction()
#4 /var/www/html/framework/web/CController.php(265): SiteController->runActionWithFilters()
#5 /var/www/html/framework/web/CWebApplication.php(282): SiteController->run()
#6 /var/www/html/framework/web/CWebApplication.php(141): CWebApplication->runController()
#7 /var/www/html/framework/base/CApplication.php(185): CWebApplication->processRequest()
#8 /var/www/html/index.php(13): CWebApplication->run()
REQUEST_URI=/index.php?r=site/diary&id=1
in /var/www/html/protected/controllers/SiteController.php (26)
in /var/www/html/index.php (13)
2023/05/27 08:53:36 [error] [php] include(Posts.php): failed to open stream: No such file or directory (/var/www/html/framework/YiiBase.php:463)
Stack trace:
#0 /var/www/html/protected/controllers/SiteController.php(26): spl_autoload_call()
#1 /var/www/html/framework/web/actions/CInlineAction.php(49): SiteController->actionDiary()
#2 /var/www/html/framework/web/CController.php(308): CInlineAction->runWithParams()
#3 /var/www/html/framework/web/CController.php(286): SiteController->runAction()
#4 /var/www/html/framework/web/CController.php(265): SiteController->runActionWithFilters()
#5 /var/www/html/framework/web/CWebApplication.php(282): SiteController->run()
#6 /var/www/html/framework/web/CWebApplication.php(141): CWebApplication->runController()
#7 /var/www/html/framework/base/CApplication.php(185): CWebApplication->processRequest()
#8 /var/www/html/index.php(13): CWebApplication->run()
REQUEST_URI=/index.php?r=site/diary&id=1
in /var/www/html/protected/controllers/SiteController.php (26)
in /var/www/html/index.php (13)
2023/05/27 08:53:37 [error] [php] include(/var/www/html/protected/models/Posts.php): failed to open stream: No such file or directory (/var/www/html/framework/YiiBase.php:463)
Stack trace:
#0 /var/www/html/protected/controllers/SiteController.php(26): spl_autoload_call()
#1 /var/www/html/framework/web/actions/CInlineAction.php(49): SiteController->actionDiary()
#2 /var/www/html/framework/web/CController.php(308): CInlineAction->runWithParams()
#3 /var/www/html/framework/web/CController.php(286): SiteController->runAction()
#4 /var/www/html/framework/web/CController.php(265): SiteController->runActionWithFilters()
#5 /var/www/html/framework/web/CWebApplication.php(282): SiteController->run()
#6 /var/www/html/framework/web/CWebApplication.php(141): CWebApplication->runController()
#7 /var/www/html/framework/base/CApplication.php(185): CWebApplication->processRequest()
#8 /var/www/html/index.php(13): CWebApplication->run()
REQUEST_URI=/index.php?r=site/diary&id=1
in /var/www/html/protected/controllers/SiteController.php (26)
in /var/www/html/index.php (13)
2023/05/27 08:53:53 [error] [php] include(diaries.php): failed to open stream: No such file or directory (/var/www/html/framework/YiiBase.php:463)
Stack trace:
#0 /var/www/html/framework/db/ar/CActiveRecord.php(397): spl_autoload_call()
#1 /var/www/html/framework/db/ar/CActiveFinder.php(182): model()
#2 /var/www/html/framework/db/ar/CActiveFinder.php(231): CActiveFinder->getModel()
#3 /var/www/html/framework/db/ar/CActiveFinder.php(48): CActiveFinder->buildJoinTree()
#4 /var/www/html/framework/db/ar/CActiveRecord.php(915): CActiveFinder->__construct()
#5 /var/www/html/framework/db/ar/CActiveRecord.php(282): Posts->getActiveFinder()
#6 /var/www/html/framework/db/ar/CActiveRecord.php(143): Posts->getRelated()
#7 /var/www/html/protected/views/site/diary.php(6): Posts->__get()
#8 /var/www/html/framework/web/CBaseController.php(126): require()
#9 /var/www/html/framework/web/CBaseController.php(95): SiteController->renderInternal()
#10 /var/www/html/framework/web/CController.php(872): SiteController->renderFile()
#11 /var/www/html/framework/web/CController.php(785): SiteController->renderPartial()
#12 /var/www/html/protected/controllers/SiteController.php(27): SiteController->render()
#13 /var/www/html/framework/web/actions/CInlineAction.php(49): SiteController->actionDiary()
#14 /var/www/html/framework/web/CController.php(308): CInlineAction->runWithParams()
#15 /var/www/html/framework/web/CController.php(286): SiteController->runAction()
#16 /var/www/html/framework/web/CController.php(265): SiteController->runActionWithFilters()
#17 /var/www/html/framework/web/CWebApplication.php(282): SiteController->run()
#18 /var/www/html/framework/web/CWebApplication.php(141): CWebApplication->runController()
#19 /var/www/html/framework/base/CApplication.php(185): CWebApplication->processRequest()
#20 /var/www/html/index.php(13): CWebApplication->run()
REQUEST_URI=/index.php?r=site/diary&id=1
in /var/www/html/protected/views/site/diary.php (6)
in /var/www/html/protected/controllers/SiteController.php (27)
in /var/www/html/index.php (13)
2023/05/27 08:53:55 [error] [php] include(diaries.php): failed to open stream: No such file or directory (/var/www/html/framework/YiiBase.php:463)
Stack trace:
#0 /var/www/html/framework/db/ar/CActiveRecord.php(397): spl_autoload_call()
#1 /var/www/html/framework/db/ar/CActiveFinder.php(182): model()
#2 /var/www/html/framework/db/ar/CActiveFinder.php(231): CActiveFinder->getModel()
#3 /var/www/html/framework/db/ar/CActiveFinder.php(48): CActiveFinder->buildJoinTree()
#4 /var/www/html/framework/db/ar/CActiveRecord.php(915): CActiveFinder->__construct()
#5 /var/www/html/framework/db/ar/CActiveRecord.php(282): Posts->getActiveFinder()
#6 /var/www/html/framework/db/ar/CActiveRecord.php(143): Posts->getRelated()
#7 /var/www/html/protected/views/site/diary.php(6): Posts->__get()
#8 /var/www/html/framework/web/CBaseController.php(126): require()
#9 /var/www/html/framework/web/CBaseController.php(95): SiteController->renderInternal()
#10 /var/www/html/framework/web/CController.php(872): SiteController->renderFile()
#11 /var/www/html/framework/web/CController.php(785): SiteController->renderPartial()
#12 /var/www/html/protected/controllers/SiteController.php(27): SiteController->render()
#13 /var/www/html/framework/web/actions/CInlineAction.php(49): SiteController->actionDiary()
#14 /var/www/html/framework/web/CController.php(308): CInlineAction->runWithParams()
#15 /var/www/html/framework/web/CController.php(286): SiteController->runAction()
#16 /var/www/html/framework/web/CController.php(265): SiteController->runActionWithFilters()
#17 /var/www/html/framework/web/CWebApplication.php(282): SiteController->run()
#18 /var/www/html/framework/web/CWebApplication.php(141): CWebApplication->runController()
#19 /var/www/html/framework/base/CApplication.php(185): CWebApplication->processRequest()
#20 /var/www/html/index.php(13): CWebApplication->run()
REQUEST_URI=/index.php?r=site/diary&id=1
in /var/www/html/protected/views/site/diary.php (6)
in /var/www/html/protected/controllers/SiteController.php (27)
in /var/www/html/index.php (13)
2023/05/27 08:54:59 [error] [exception.CException] CException: Property "Diaries.diary_id" is not defined. in /var/www/html/framework/base/CComponent.php:130
Stack trace:
#0 /var/www/html/framework/db/ar/CActiveRecord.php(145): CComponent->__get('diary_id')
#1 /var/www/html/framework/db/ar/CActiveFinder.php(676): CActiveRecord->__get('diary_id')
#2 /var/www/html/framework/db/ar/CActiveFinder.php(503): CJoinElement->applyLazyCondition(Object(CJoinQuery), Object(Diaries))
#3 /var/www/html/framework/db/ar/CActiveFinder.php(163): CJoinElement->lazyFind(Object(Diaries))
#4 /var/www/html/framework/db/ar/CActiveRecord.php(283): CActiveFinder->lazyFind(Object(Diaries))
#5 /var/www/html/framework/db/ar/CActiveRecord.php(143): CActiveRecord->getRelated('posts')
#6 /var/www/html/protected/views/site/index.php(11): CActiveRecord->__get('posts')
#7 /var/www/html/framework/web/CBaseController.php(126): require('/var/www/html/p...')
#8 /var/www/html/framework/web/CBaseController.php(95): CBaseController->renderInternal('/var/www/html/p...', Array, true)
#9 /var/www/html/framework/web/CController.php(872): CBaseController->renderFile('/var/www/html/p...', Array, true)
#10 /var/www/html/framework/web/CController.php(785): CController->renderPartial('index', Array, true)
#11 /var/www/html/protected/controllers/SiteController.php(21): CController->render('index', Array)
#12 /var/www/html/framework/web/actions/CInlineAction.php(49): SiteController->actionIndex()
#13 /var/www/html/framework/web/CController.php(308): CInlineAction->runWithParams(Array)
#14 /var/www/html/framework/web/CController.php(286): CController->runAction(Object(CInlineAction))
#15 /var/www/html/framework/web/CController.php(265): CController->runActionWithFilters(Object(CInlineAction), Array)
#16 /var/www/html/framework/web/CWebApplication.php(282): CController->run('')
#17 /var/www/html/framework/web/CWebApplication.php(141): CWebApplication->runController('')
#18 /var/www/html/framework/base/CApplication.php(185): CWebApplication->processRequest()
#19 /var/www/html/index.php(13): CApplication->run()
#20 {main}
REQUEST_URI=/
HTTP_REFERER=http://localhost:8082/index.php?r=site/diary&id=1
---
2023/05/27 08:55:00 [error] [exception.CException] CException: Property "Diaries.diary_id" is not defined. in /var/www/html/framework/base/CComponent.php:130
Stack trace:
#0 /var/www/html/framework/db/ar/CActiveRecord.php(145): CComponent->__get('diary_id')
#1 /var/www/html/framework/db/ar/CActiveFinder.php(676): CActiveRecord->__get('diary_id')
#2 /var/www/html/framework/db/ar/CActiveFinder.php(503): CJoinElement->applyLazyCondition(Object(CJoinQuery), Object(Diaries))
#3 /var/www/html/framework/db/ar/CActiveFinder.php(163): CJoinElement->lazyFind(Object(Diaries))
#4 /var/www/html/framework/db/ar/CActiveRecord.php(283): CActiveFinder->lazyFind(Object(Diaries))
#5 /var/www/html/framework/db/ar/CActiveRecord.php(143): CActiveRecord->getRelated('posts')
#6 /var/www/html/protected/views/site/index.php(11): CActiveRecord->__get('posts')
#7 /var/www/html/framework/web/CBaseController.php(126): require('/var/www/html/p...')
#8 /var/www/html/framework/web/CBaseController.php(95): CBaseController->renderInternal('/var/www/html/p...', Array, true)
#9 /var/www/html/framework/web/CController.php(872): CBaseController->renderFile('/var/www/html/p...', Array, true)
#10 /var/www/html/framework/web/CController.php(785): CController->renderPartial('index', Array, true)
#11 /var/www/html/protected/controllers/SiteController.php(21): CController->render('index', Array)
#12 /var/www/html/framework/web/actions/CInlineAction.php(49): SiteController->actionIndex()
#13 /var/www/html/framework/web/CController.php(308): CInlineAction->runWithParams(Array)
#14 /var/www/html/framework/web/CController.php(286): CController->runAction(Object(CInlineAction))
#15 /var/www/html/framework/web/CController.php(265): CController->runActionWithFilters(Object(CInlineAction), Array)
#16 /var/www/html/framework/web/CWebApplication.php(282): CController->run('')
#17 /var/www/html/framework/web/CWebApplication.php(141): CWebApplication->runController('')
#18 /var/www/html/framework/base/CApplication.php(185): CWebApplication->processRequest()
#19 /var/www/html/index.php(13): CApplication->run()
#20 {main}
REQUEST_URI=/
HTTP_REFERER=http://localhost:8082/index.php?r=site/diary&id=1
---
2023/05/27 08:57:04 [error] [exception.CHttpException.404] CHttpException: Unable to resolve the request "add/post". in /var/www/html/framework/web/CWebApplication.php:286
Stack trace:
#0 /var/www/html/framework/web/CWebApplication.php(141): CWebApplication->runController('add/post')
#1 /var/www/html/framework/base/CApplication.php(185): CWebApplication->processRequest()
#2 /var/www/html/index.php(13): CApplication->run()
#3 {main}
REQUEST_URI=/index.php?r=add/post
---
2023/05/27 08:59:03 [error] [exception.ArgumentCountError] ArgumentCountError: Too few arguments to function CHttpRequest::getPost(), 0 passed in /var/www/html/framework/base/CComponent.php on line 111 and at least 1 expected in /var/www/html/framework/web/CHttpRequest.php:208
Stack trace:
#0 /var/www/html/framework/base/CComponent.php(111): CHttpRequest->getPost()
#1 /var/www/html/protected/controllers/SiteController.php(33): CComponent->__get('post')
#2 /var/www/html/framework/web/actions/CInlineAction.php(49): SiteController->actionAddPost()
#3 /var/www/html/framework/web/CController.php(308): CInlineAction->runWithParams(Array)
#4 /var/www/html/framework/web/CController.php(286): CController->runAction(Object(CInlineAction))
#5 /var/www/html/framework/web/CController.php(265): CController->runActionWithFilters(Object(CInlineAction), Array)
#6 /var/www/html/framework/web/CWebApplication.php(282): CController->run('addpost')
#7 /var/www/html/framework/web/CWebApplication.php(141): CWebApplication->runController('site/addpost')
#8 /var/www/html/framework/base/CApplication.php(185): CWebApplication->processRequest()
#9 /var/www/html/index.php(13): CApplication->run()
#10 {main}
REQUEST_URI=/index.php?r=site/addpost
HTTP_REFERER=http://localhost:8082/index.php?r=site/diary&id=1
---
2023/05/27 08:59:11 [error] [exception.ArgumentCountError] ArgumentCountError: Too few arguments to function CHttpRequest::getPost(), 0 passed in /var/www/html/protected/controllers/SiteController.php on line 33 and at least 1 expected in /var/www/html/framework/web/CHttpRequest.php:208
Stack trace:
#0 /var/www/html/protected/controllers/SiteController.php(33): CHttpRequest->getPost()
#1 /var/www/html/framework/web/actions/CInlineAction.php(49): SiteController->actionAddPost()
#2 /var/www/html/framework/web/CController.php(308): CInlineAction->runWithParams(Array)
#3 /var/www/html/framework/web/CController.php(286): CController->runAction(Object(CInlineAction))
#4 /var/www/html/framework/web/CController.php(265): CController->runActionWithFilters(Object(CInlineAction), Array)
#5 /var/www/html/framework/web/CWebApplication.php(282): CController->run('addpost')
#6 /var/www/html/framework/web/CWebApplication.php(141): CWebApplication->runController('site/addpost')
#7 /var/www/html/framework/base/CApplication.php(185): CWebApplication->processRequest()
#8 /var/www/html/index.php(13): CApplication->run()
#9 {main}
REQUEST_URI=/index.php?r=site/addpost
HTTP_REFERER=http://localhost:8082/index.php?r=site/diary&id=1
---
2023/05/27 08:59:13 [error] [exception.ArgumentCountError] ArgumentCountError: Too few arguments to function CHttpRequest::getPost(), 0 passed in /var/www/html/protected/controllers/SiteController.php on line 33 and at least 1 expected in /var/www/html/framework/web/CHttpRequest.php:208
Stack trace:
#0 /var/www/html/protected/controllers/SiteController.php(33): CHttpRequest->getPost()
#1 /var/www/html/framework/web/actions/CInlineAction.php(49): SiteController->actionAddPost()
#2 /var/www/html/framework/web/CController.php(308): CInlineAction->runWithParams(Array)
#3 /var/www/html/framework/web/CController.php(286): CController->runAction(Object(CInlineAction))
#4 /var/www/html/framework/web/CController.php(265): CController->runActionWithFilters(Object(CInlineAction), Array)
#5 /var/www/html/framework/web/CWebApplication.php(282): CController->run('addpost')
#6 /var/www/html/framework/web/CWebApplication.php(141): CWebApplication->runController('site/addpost')
#7 /var/www/html/framework/base/CApplication.php(185): CWebApplication->processRequest()
#8 /var/www/html/index.php(13): CApplication->run()
#9 {main}
REQUEST_URI=/index.php?r=site/addpost
HTTP_REFERER=http://localhost:8082/index.php?r=site/diary&id=1
---
2023/05/27 09:24:15 [error] [exception.Error] Error: Call to a member function count() on array in /var/www/html/protected/controllers/SiteController.php:24
Stack trace:
#0 /var/www/html/framework/web/actions/CInlineAction.php(49): SiteController->actionIndex()
#1 /var/www/html/framework/web/CController.php(308): CInlineAction->runWithParams(Array)
#2 /var/www/html/framework/web/CController.php(286): CController->runAction(Object(CInlineAction))
#3 /var/www/html/framework/web/CController.php(265): CController->runActionWithFilters(Object(CInlineAction), Array)
#4 /var/www/html/framework/web/CWebApplication.php(282): CController->run('')
#5 /var/www/html/framework/web/CWebApplication.php(141): CWebApplication->runController('')
#6 /var/www/html/framework/base/CApplication.php(185): CWebApplication->processRequest()
#7 /var/www/html/index.php(13): CApplication->run()
#8 {main}
REQUEST_URI=/
---
2023/05/27 12:23:16 [error] [exception.Error] Error: Call to undefined function redirect() in /var/www/html/protected/controllers/SiteController.php:67
Stack trace:
#0 /var/www/html/framework/web/actions/CInlineAction.php(49): SiteController->actionCreateDiary()
#1 /var/www/html/framework/web/CController.php(308): CInlineAction->runWithParams(Array)
#2 /var/www/html/framework/web/CController.php(286): CController->runAction(Object(CInlineAction))
#3 /var/www/html/framework/web/CController.php(265): CController->runActionWithFilters(Object(CInlineAction), Array)
#4 /var/www/html/framework/web/CWebApplication.php(282): CController->run('creatediary')
#5 /var/www/html/framework/web/CWebApplication.php(141): CWebApplication->runController('site/creatediar...')
#6 /var/www/html/framework/base/CApplication.php(185): CWebApplication->processRequest()
#7 /var/www/html/index.php(13): CApplication->run()
#8 {main}
REQUEST_URI=/index.php?r=site/creatediary
HTTP_REFERER=http://localhost:8082/index.php?r=site/creatediary
---
